<?xml version="1.0" encoding="UTF-8"?>
<coverage generated="1754580756233" clover="3.2.0">
  <project timestamp="1754580756234" name="All files">
    <metrics statements="240" coveredstatements="239" conditionals="69" coveredconditionals="65" methods="67" coveredmethods="67" elements="376" coveredelements="371" complexity="0" loc="240" ncloc="240" packages="6" files="39" classes="39"/>
    <package name="array">
      <metrics statements="25" coveredstatements="25" conditionals="3" coveredconditionals="3" methods="10" coveredmethods="10"/>
      <file name="compact.ts" path="C:\Users\shiva\Documents\My Study\nodejs tutorial\codetrix\src\array\compact.ts">
        <metrics statements="2" coveredstatements="2" conditionals="0" coveredconditionals="0" methods="1" coveredmethods="1"/>
        <line num="12" count="6" type="stmt"/>
        <line num="13" count="1" type="stmt"/>
      </file>
      <file name="difference.ts" path="C:\Users\shiva\Documents\My Study\nodejs tutorial\codetrix\src\array\difference.ts">
        <metrics statements="3" coveredstatements="3" conditionals="0" coveredconditionals="0" methods="2" coveredmethods="2"/>
        <line num="13" count="6" type="stmt"/>
        <line num="14" count="1" type="stmt"/>
        <line num="15" count="3" type="stmt"/>
      </file>
      <file name="flatten.ts" path="C:\Users\shiva\Documents\My Study\nodejs tutorial\codetrix\src\array\flatten.ts">
        <metrics statements="3" coveredstatements="3" conditionals="2" coveredconditionals="2" methods="2" coveredmethods="2"/>
        <line num="12" count="6" type="stmt"/>
        <line num="13" count="4" type="stmt"/>
        <line num="14" count="7" type="cond" truecount="2" falsecount="0"/>
      </file>
      <file name="index.ts" path="C:\Users\shiva\Documents\My Study\nodejs tutorial\codetrix\src\array\index.ts">
        <metrics statements="6" coveredstatements="6" conditionals="0" coveredconditionals="0" methods="0" coveredmethods="0"/>
        <line num="1" count="6" type="stmt"/>
        <line num="2" count="6" type="stmt"/>
        <line num="3" count="6" type="stmt"/>
        <line num="4" count="6" type="stmt"/>
        <line num="5" count="6" type="stmt"/>
        <line num="6" count="6" type="stmt"/>
      </file>
      <file name="intersect.ts" path="C:\Users\shiva\Documents\My Study\nodejs tutorial\codetrix\src\array\intersect.ts">
        <metrics statements="3" coveredstatements="3" conditionals="1" coveredconditionals="1" methods="3" coveredmethods="3"/>
        <line num="12" count="6" type="stmt"/>
        <line num="13" count="5" type="cond" truecount="1" falsecount="0"/>
        <line num="14" count="9" type="stmt"/>
      </file>
      <file name="shuffle.ts" path="C:\Users\shiva\Documents\My Study\nodejs tutorial\codetrix\src\array\shuffle.ts">
        <metrics statements="6" coveredstatements="6" conditionals="0" coveredconditionals="0" methods="1" coveredmethods="1"/>
        <line num="12" count="6" type="stmt"/>
        <line num="13" count="1" type="stmt"/>
        <line num="14" count="1" type="stmt"/>
        <line num="15" count="3" type="stmt"/>
        <line num="16" count="3" type="stmt"/>
        <line num="18" count="1" type="stmt"/>
      </file>
      <file name="unique.ts" path="C:\Users\shiva\Documents\My Study\nodejs tutorial\codetrix\src\array\unique.ts">
        <metrics statements="2" coveredstatements="2" conditionals="0" coveredconditionals="0" methods="1" coveredmethods="1"/>
        <line num="12" count="6" type="stmt"/>
        <line num="13" count="1" type="stmt"/>
      </file>
    </package>
    <package name="date">
      <metrics statements="86" coveredstatements="86" conditionals="17" coveredconditionals="17" methods="23" coveredmethods="23"/>
      <file name="format.ts" path="C:\Users\shiva\Documents\My Study\nodejs tutorial\codetrix\src\date\format.ts">
        <metrics statements="16" coveredstatements="16" conditionals="5" coveredconditionals="5" methods="2" coveredmethods="2"/>
        <line num="12" count="5" type="cond" truecount="1" falsecount="0"/>
        <line num="13" count="2" type="stmt"/>
        <line num="14" count="2" type="stmt"/>
        <line num="15" count="2" type="stmt"/>
        <line num="16" count="2" type="stmt"/>
        <line num="30" count="5" type="stmt"/>
        <line num="31" count="5" type="stmt"/>
        <line num="32" count="5" type="stmt"/>
        <line num="33" count="5" type="stmt"/>
        <line num="35" count="5" type="stmt"/>
        <line num="36" count="5" type="stmt"/>
        <line num="38" count="5" type="cond" truecount="1" falsecount="0"/>
        <line num="39" count="4" type="cond" truecount="1" falsecount="0"/>
        <line num="40" count="3" type="cond" truecount="1" falsecount="0"/>
        <line num="41" count="2" type="cond" truecount="1" falsecount="0"/>
        <line num="42" count="1" type="stmt"/>
      </file>
      <file name="get.ts" path="C:\Users\shiva\Documents\My Study\nodejs tutorial\codetrix\src\date\get.ts">
        <metrics statements="18" coveredstatements="18" conditionals="0" coveredconditionals="0" methods="6" coveredmethods="6"/>
        <line num="12" count="5" type="stmt"/>
        <line num="13" count="1" type="stmt"/>
        <line num="25" count="5" type="stmt"/>
        <line num="26" count="1" type="stmt"/>
        <line num="38" count="5" type="stmt"/>
        <line num="39" count="1" type="stmt"/>
        <line num="51" count="5" type="stmt"/>
        <line num="52" count="3" type="stmt"/>
        <line num="53" count="3" type="stmt"/>
        <line num="54" count="3" type="stmt"/>
        <line num="55" count="3" type="stmt"/>
        <line num="56" count="3" type="stmt"/>
        <line num="74" count="5" type="stmt"/>
        <line num="75" count="2" type="stmt"/>
        <line num="76" count="2" type="stmt"/>
        <line num="77" count="2" type="stmt"/>
        <line num="90" count="5" type="stmt"/>
        <line num="91" count="1" type="stmt"/>
      </file>
      <file name="index.ts" path="C:\Users\shiva\Documents\My Study\nodejs tutorial\codetrix\src\date\index.ts">
        <metrics statements="5" coveredstatements="5" conditionals="0" coveredconditionals="0" methods="0" coveredmethods="0"/>
        <line num="1" count="5" type="stmt"/>
        <line num="2" count="5" type="stmt"/>
        <line num="3" count="5" type="stmt"/>
        <line num="4" count="5" type="stmt"/>
        <line num="5" count="5" type="stmt"/>
      </file>
      <file name="is.ts" path="C:\Users\shiva\Documents\My Study\nodejs tutorial\codetrix\src\date\is.ts">
        <metrics statements="11" coveredstatements="11" conditionals="8" coveredconditionals="8" methods="5" coveredmethods="5"/>
        <line num="11" count="5" type="stmt"/>
        <line num="12" count="2" type="stmt"/>
        <line num="25" count="5" type="stmt"/>
        <line num="26" count="2" type="stmt"/>
        <line num="39" count="5" type="stmt"/>
        <line num="40" count="2" type="stmt"/>
        <line num="56" count="5" type="stmt"/>
        <line num="57" count="2" type="stmt"/>
        <line num="58" count="2" type="cond" truecount="2" falsecount="0"/>
        <line num="70" count="5" type="stmt"/>
        <line num="71" count="2" type="cond" truecount="3" falsecount="0"/>
      </file>
      <file name="set.ts" path="C:\Users\shiva\Documents\My Study\nodejs tutorial\codetrix\src\date\set.ts">
        <metrics statements="20" coveredstatements="20" conditionals="4" coveredconditionals="4" methods="5" coveredmethods="5"/>
        <line num="11" count="5" type="stmt"/>
        <line num="12" count="1" type="stmt"/>
        <line num="13" count="1" type="stmt"/>
        <line num="14" count="1" type="stmt"/>
        <line num="27" count="5" type="stmt"/>
        <line num="28" count="1" type="stmt"/>
        <line num="29" count="1" type="stmt"/>
        <line num="30" count="1" type="stmt"/>
        <line num="43" count="5" type="stmt"/>
        <line num="44" count="1" type="stmt"/>
        <line num="45" count="1" type="stmt"/>
        <line num="46" count="1" type="stmt"/>
        <line num="62" count="5" type="stmt"/>
        <line num="69" count="5" type="stmt"/>
        <line num="70" count="5" type="stmt"/>
        <line num="71" count="5" type="stmt"/>
        <line num="83" count="5" type="stmt"/>
        <line num="84" count="1" type="stmt"/>
        <line num="85" count="1" type="stmt"/>
        <line num="86" count="1" type="stmt"/>
      </file>
      <file name="utils.ts" path="C:\Users\shiva\Documents\My Study\nodejs tutorial\codetrix\src\date\utils.ts">
        <metrics statements="16" coveredstatements="16" conditionals="0" coveredconditionals="0" methods="5" coveredmethods="5"/>
        <line num="10" count="5" type="stmt"/>
        <line num="11" count="1" type="stmt"/>
        <line num="24" count="5" type="stmt"/>
        <line num="25" count="1" type="stmt"/>
        <line num="26" count="1" type="stmt"/>
        <line num="27" count="1" type="stmt"/>
        <line num="39" count="5" type="stmt"/>
        <line num="40" count="1" type="stmt"/>
        <line num="53" count="5" type="stmt"/>
        <line num="54" count="1" type="stmt"/>
        <line num="55" count="1" type="stmt"/>
        <line num="56" count="1" type="stmt"/>
        <line num="69" count="5" type="stmt"/>
        <line num="70" count="1" type="stmt"/>
        <line num="71" count="1" type="stmt"/>
        <line num="72" count="1" type="stmt"/>
      </file>
    </package>
    <package name="number">
      <metrics statements="34" coveredstatements="34" conditionals="7" coveredconditionals="7" methods="9" coveredmethods="9"/>
      <file name="clamp.ts" path="C:\Users\shiva\Documents\My Study\nodejs tutorial\codetrix\src\number\clamp.ts">
        <metrics statements="2" coveredstatements="2" conditionals="0" coveredconditionals="0" methods="1" coveredmethods="1"/>
        <line num="13" count="6" type="stmt"/>
        <line num="14" count="3" type="stmt"/>
      </file>
      <file name="index.ts" path="C:\Users\shiva\Documents\My Study\nodejs tutorial\codetrix\src\number\index.ts">
        <metrics statements="7" coveredstatements="7" conditionals="0" coveredconditionals="0" methods="0" coveredmethods="0"/>
        <line num="1" count="6" type="stmt"/>
        <line num="2" count="6" type="stmt"/>
        <line num="3" count="6" type="stmt"/>
        <line num="4" count="6" type="stmt"/>
        <line num="5" count="6" type="stmt"/>
        <line num="6" count="6" type="stmt"/>
        <line num="7" count="6" type="stmt"/>
      </file>
      <file name="isEven.ts" path="C:\Users\shiva\Documents\My Study\nodejs tutorial\codetrix\src\number\isEven.ts">
        <metrics statements="2" coveredstatements="2" conditionals="0" coveredconditionals="0" methods="1" coveredmethods="1"/>
        <line num="11" count="6" type="stmt"/>
        <line num="12" count="3" type="stmt"/>
      </file>
      <file name="isOdd.ts" path="C:\Users\shiva\Documents\My Study\nodejs tutorial\codetrix\src\number\isOdd.ts">
        <metrics statements="2" coveredstatements="2" conditionals="0" coveredconditionals="0" methods="1" coveredmethods="1"/>
        <line num="11" count="6" type="stmt"/>
        <line num="12" count="2" type="stmt"/>
      </file>
      <file name="isPrime.ts" path="C:\Users\shiva\Documents\My Study\nodejs tutorial\codetrix\src\number\isPrime.ts">
        <metrics statements="5" coveredstatements="5" conditionals="2" coveredconditionals="2" methods="1" coveredmethods="1"/>
        <line num="11" count="6" type="stmt"/>
        <line num="12" count="7" type="cond" truecount="1" falsecount="0"/>
        <line num="13" count="5" type="stmt"/>
        <line num="14" count="5" type="cond" truecount="1" falsecount="0"/>
        <line num="16" count="3" type="stmt"/>
      </file>
      <file name="percentage.ts" path="C:\Users\shiva\Documents\My Study\nodejs tutorial\codetrix\src\number\percentage.ts">
        <metrics statements="3" coveredstatements="3" conditionals="1" coveredconditionals="1" methods="1" coveredmethods="1"/>
        <line num="12" count="6" type="stmt"/>
        <line num="13" count="3" type="cond" truecount="1" falsecount="0"/>
        <line num="14" count="2" type="stmt"/>
      </file>
      <file name="random.ts" path="C:\Users\shiva\Documents\My Study\nodejs tutorial\codetrix\src\number\random.ts">
        <metrics statements="10" coveredstatements="10" conditionals="3" coveredconditionals="3" methods="3" coveredmethods="3"/>
        <line num="12" count="6" type="cond" truecount="2" falsecount="0"/>
        <line num="13" count="3" type="stmt"/>
        <line num="26" count="6" type="stmt"/>
        <line num="27" count="10" type="stmt"/>
        <line num="40" count="6" type="stmt"/>
        <line num="41" count="3" type="cond" truecount="1" falsecount="0"/>
        <line num="42" count="2" type="stmt"/>
        <line num="45" count="1" type="stmt"/>
        <line num="46" count="1" type="stmt"/>
        <line num="48" count="1" type="stmt"/>
      </file>
      <file name="roundTo.ts" path="C:\Users\shiva\Documents\My Study\nodejs tutorial\codetrix\src\number\roundTo.ts">
        <metrics statements="3" coveredstatements="3" conditionals="1" coveredconditionals="1" methods="1" coveredmethods="1"/>
        <line num="11" count="6" type="cond" truecount="1" falsecount="0"/>
        <line num="12" count="4" type="stmt"/>
        <line num="13" count="4" type="stmt"/>
      </file>
    </package>
    <package name="objects">
      <metrics statements="38" coveredstatements="37" conditionals="24" coveredconditionals="20" methods="8" coveredmethods="8"/>
      <file name="deepClone.ts" path="C:\Users\shiva\Documents\My Study\nodejs tutorial\codetrix\src\objects\deepClone.ts">
        <metrics statements="2" coveredstatements="2" conditionals="0" coveredconditionals="0" methods="1" coveredmethods="1"/>
        <line num="11" count="5" type="stmt"/>
        <line num="12" count="1" type="stmt"/>
      </file>
      <file name="getNested.ts" path="C:\Users\shiva\Documents\My Study\nodejs tutorial\codetrix\src\objects\getNested.ts">
        <metrics statements="2" coveredstatements="2" conditionals="8" coveredconditionals="8" methods="2" coveredmethods="2"/>
        <line num="13" count="5" type="stmt"/>
        <line num="14" count="6" type="cond" truecount="8" falsecount="0"/>
      </file>
      <file name="index.ts" path="C:\Users\shiva\Documents\My Study\nodejs tutorial\codetrix\src\objects\index.ts">
        <metrics statements="6" coveredstatements="6" conditionals="0" coveredconditionals="0" methods="0" coveredmethods="0"/>
        <line num="1" count="5" type="stmt"/>
        <line num="2" count="5" type="stmt"/>
        <line num="3" count="5" type="stmt"/>
        <line num="4" count="5" type="stmt"/>
        <line num="5" count="5" type="stmt"/>
        <line num="6" count="5" type="stmt"/>
      </file>
      <file name="isEmpty.ts" path="C:\Users\shiva\Documents\My Study\nodejs tutorial\codetrix\src\objects\isEmpty.ts">
        <metrics statements="9" coveredstatements="9" conditionals="8" coveredconditionals="8" methods="1" coveredmethods="1"/>
        <line num="14" count="6" type="stmt"/>
        <line num="15" count="11" type="cond" truecount="1" falsecount="0"/>
        <line num="17" count="9" type="cond" truecount="3" falsecount="0"/>
        <line num="18" count="2" type="stmt"/>
        <line num="21" count="7" type="cond" truecount="3" falsecount="0"/>
        <line num="22" count="4" type="stmt"/>
        <line num="25" count="3" type="cond" truecount="1" falsecount="0"/>
        <line num="26" count="1" type="stmt"/>
        <line num="29" count="2" type="stmt"/>
      </file>
      <file name="mergeObjects.ts" path="C:\Users\shiva\Documents\My Study\nodejs tutorial\codetrix\src\objects\mergeObjects.ts">
        <metrics statements="8" coveredstatements="7" conditionals="7" coveredconditionals="3" methods="2" coveredmethods="2"/>
        <line num="10" count="5" type="stmt"/>
        <line num="11" count="2" type="stmt"/>
        <line num="12" count="4" type="stmt"/>
        <line num="13" count="4" type="cond" truecount="1" falsecount="0"/>
        <line num="14" count="4" type="cond" truecount="1" falsecount="1"/>
        <line num="20" count="0" type="stmt"/>
        <line num="22" count="4" type="stmt"/>
        <line num="26" count="4" type="stmt"/>
      </file>
      <file name="omit.ts" path="C:\Users\shiva\Documents\My Study\nodejs tutorial\codetrix\src\objects\omit.ts">
        <metrics statements="5" coveredstatements="5" conditionals="0" coveredconditionals="0" methods="1" coveredmethods="1"/>
        <line num="11" count="5" type="stmt"/>
        <line num="12" count="1" type="stmt"/>
        <line num="13" count="1" type="stmt"/>
        <line num="14" count="1" type="stmt"/>
        <line num="16" count="1" type="stmt"/>
      </file>
      <file name="pick.ts" path="C:\Users\shiva\Documents\My Study\nodejs tutorial\codetrix\src\objects\pick.ts">
        <metrics statements="6" coveredstatements="6" conditionals="1" coveredconditionals="1" methods="1" coveredmethods="1"/>
        <line num="11" count="5" type="stmt"/>
        <line num="12" count="1" type="stmt"/>
        <line num="13" count="1" type="stmt"/>
        <line num="14" count="2" type="cond" truecount="1" falsecount="0"/>
        <line num="15" count="2" type="stmt"/>
        <line num="18" count="1" type="stmt"/>
      </file>
    </package>
    <package name="string">
      <metrics statements="28" coveredstatements="28" conditionals="5" coveredconditionals="5" methods="10" coveredmethods="10"/>
      <file name="camelCase.ts" path="C:\Users\shiva\Documents\My Study\nodejs tutorial\codetrix\src\string\camelCase.ts">
        <metrics statements="4" coveredstatements="4" conditionals="2" coveredconditionals="2" methods="3" coveredmethods="3"/>
        <line num="10" count="8" type="stmt"/>
        <line num="11" count="5" type="stmt"/>
        <line num="12" count="5" type="cond" truecount="2" falsecount="0"/>
        <line num="13" count="1" type="stmt"/>
      </file>
      <file name="capitalize.ts" path="C:\Users\shiva\Documents\My Study\nodejs tutorial\codetrix\src\string\capitalize.ts">
        <metrics statements="3" coveredstatements="3" conditionals="1" coveredconditionals="1" methods="1" coveredmethods="1"/>
        <line num="10" count="8" type="stmt"/>
        <line num="11" count="3" type="cond" truecount="1" falsecount="0"/>
        <line num="12" count="2" type="stmt"/>
      </file>
      <file name="countOccurrences.ts" path="C:\Users\shiva\Documents\My Study\nodejs tutorial\codetrix\src\string\countOccurrences.ts">
        <metrics statements="2" coveredstatements="2" conditionals="0" coveredconditionals="0" methods="1" coveredmethods="1"/>
        <line num="11" count="8" type="stmt"/>
        <line num="12" count="2" type="stmt"/>
      </file>
      <file name="index.ts" path="C:\Users\shiva\Documents\My Study\nodejs tutorial\codetrix\src\string\index.ts">
        <metrics statements="8" coveredstatements="8" conditionals="0" coveredconditionals="0" methods="0" coveredmethods="0"/>
        <line num="1" count="8" type="stmt"/>
        <line num="2" count="8" type="stmt"/>
        <line num="3" count="8" type="stmt"/>
        <line num="4" count="8" type="stmt"/>
        <line num="5" count="8" type="stmt"/>
        <line num="6" count="8" type="stmt"/>
        <line num="7" count="8" type="stmt"/>
        <line num="8" count="8" type="stmt"/>
      </file>
      <file name="kebabCase.ts" path="C:\Users\shiva\Documents\My Study\nodejs tutorial\codetrix\src\string\kebabCase.ts">
        <metrics statements="2" coveredstatements="2" conditionals="0" coveredconditionals="0" methods="1" coveredmethods="1"/>
        <line num="10" count="8" type="stmt"/>
        <line num="11" count="3" type="stmt"/>
      </file>
      <file name="removeNonAlpha.ts" path="C:\Users\shiva\Documents\My Study\nodejs tutorial\codetrix\src\string\removeNonAlpha.ts">
        <metrics statements="2" coveredstatements="2" conditionals="0" coveredconditionals="0" methods="1" coveredmethods="1"/>
        <line num="10" count="8" type="stmt"/>
        <line num="11" count="1" type="stmt"/>
      </file>
      <file name="reverseString.ts" path="C:\Users\shiva\Documents\My Study\nodejs tutorial\codetrix\src\string\reverseString.ts">
        <metrics statements="2" coveredstatements="2" conditionals="0" coveredconditionals="0" methods="1" coveredmethods="1"/>
        <line num="10" count="8" type="stmt"/>
        <line num="11" count="1" type="stmt"/>
      </file>
      <file name="snakeCase.ts" path="C:\Users\shiva\Documents\My Study\nodejs tutorial\codetrix\src\string\snakeCase.ts">
        <metrics statements="2" coveredstatements="2" conditionals="0" coveredconditionals="0" methods="1" coveredmethods="1"/>
        <line num="10" count="8" type="stmt"/>
        <line num="11" count="3" type="stmt"/>
      </file>
      <file name="truncate.ts" path="C:\Users\shiva\Documents\My Study\nodejs tutorial\codetrix\src\string\truncate.ts">
        <metrics statements="3" coveredstatements="3" conditionals="2" coveredconditionals="2" methods="1" coveredmethods="1"/>
        <line num="12" count="8" type="cond" truecount="1" falsecount="0"/>
        <line num="13" count="2" type="cond" truecount="1" falsecount="0"/>
        <line num="14" count="1" type="stmt"/>
      </file>
    </package>
    <package name="validators">
      <metrics statements="29" coveredstatements="29" conditionals="13" coveredconditionals="13" methods="7" coveredmethods="7"/>
      <file name="index.ts" path="C:\Users\shiva\Documents\My Study\nodejs tutorial\codetrix\src\validators\index.ts">
        <metrics statements="1" coveredstatements="1" conditionals="0" coveredconditionals="0" methods="0" coveredmethods="0"/>
        <line num="1" count="1" type="stmt"/>
      </file>
      <file name="utility.ts" path="C:\Users\shiva\Documents\My Study\nodejs tutorial\codetrix\src\validators\utility.ts">
        <metrics statements="28" coveredstatements="28" conditionals="13" coveredconditionals="13" methods="7" coveredmethods="7"/>
        <line num="6" count="1" type="stmt"/>
        <line num="7" count="4" type="stmt"/>
        <line num="22" count="1" type="stmt"/>
        <line num="23" count="4" type="stmt"/>
        <line num="33" count="1" type="stmt"/>
        <line num="34" count="3" type="stmt"/>
        <line num="44" count="1" type="stmt"/>
        <line num="45" count="4" type="stmt"/>
        <line num="59" count="1" type="stmt"/>
        <line num="63" count="13" type="stmt"/>
        <line num="69" count="13" type="cond" truecount="8" falsecount="0"/>
        <line num="79" count="1" type="stmt"/>
        <line num="80" count="9" type="stmt"/>
        <line num="83" count="9" type="cond" truecount="1" falsecount="0"/>
        <line num="86" count="6" type="cond" truecount="1" falsecount="0"/>
        <line num="89" count="5" type="stmt"/>
        <line num="90" count="5" type="stmt"/>
        <line num="92" count="5" type="stmt"/>
        <line num="93" count="80" type="stmt"/>
        <line num="94" count="80" type="cond" truecount="1" falsecount="0"/>
        <line num="95" count="40" type="stmt"/>
        <line num="96" count="40" type="cond" truecount="1" falsecount="0"/>
        <line num="98" count="80" type="stmt"/>
        <line num="99" count="80" type="stmt"/>
        <line num="102" count="5" type="stmt"/>
        <line num="111" count="1" type="stmt"/>
        <line num="112" count="4" type="stmt"/>
        <line num="113" count="4" type="stmt"/>
      </file>
    </package>
  </project>
</coverage>
