{"C:\\Users\\shiva\\Documents\\My Study\\nodejs tutorial\\codetrix\\src\\array\\compact.ts": {"path":"C:\\Users\\shiva\\Documents\\My Study\\nodejs tutorial\\codetrix\\src\\array\\compact.ts","statementMap":{"0":{"start":{"line":12,"column":0},"end":{"line":12,"column":16}},"1":{"start":{"line":13,"column":4},"end":{"line":13,"column":33}}},"fnMap":{"0":{"name":"compact","decl":{"start":{"line":12,"column":16},"end":{"line":12,"column":23}},"loc":{"start":{"line":12,"column":37},"end":{"line":14,"column":1}}}},"branchMap":{},"s":{"0":6,"1":1},"f":{"0":1},"b":{}}
,"C:\\Users\\shiva\\Documents\\My Study\\nodejs tutorial\\codetrix\\src\\array\\difference.ts": {"path":"C:\\Users\\shiva\\Documents\\My Study\\nodejs tutorial\\codetrix\\src\\array\\difference.ts","statementMap":{"0":{"start":{"line":13,"column":0},"end":{"line":13,"column":16}},"1":{"start":{"line":14,"column":16},"end":{"line":14,"column":31}},"2":{"start":{"line":15,"column":4},"end":{"line":15,"column":48}},"3":{"start":{"line":15,"column":32},"end":{"line":15,"column":46}}},"fnMap":{"0":{"name":"difference","decl":{"start":{"line":13,"column":16},"end":{"line":13,"column":26}},"loc":{"start":{"line":13,"column":53},"end":{"line":16,"column":1}}},"1":{"name":"(anonymous_1)","decl":{"start":{"line":15,"column":24},"end":{"line":15,"column":28}},"loc":{"start":{"line":15,"column":32},"end":{"line":15,"column":46}}}},"branchMap":{},"s":{"0":6,"1":1,"2":1,"3":3},"f":{"0":1,"1":3},"b":{}}
,"C:\\Users\\shiva\\Documents\\My Study\\nodejs tutorial\\codetrix\\src\\array\\flatten.ts": {"path":"C:\\Users\\shiva\\Documents\\My Study\\nodejs tutorial\\codetrix\\src\\array\\flatten.ts","statementMap":{"0":{"start":{"line":12,"column":0},"end":{"line":12,"column":16}},"1":{"start":{"line":13,"column":4},"end":{"line":16,"column":6}},"2":{"start":{"line":14,"column":22},"end":{"line":14,"column":76}}},"fnMap":{"0":{"name":"flatten","decl":{"start":{"line":12,"column":16},"end":{"line":12,"column":23}},"loc":{"start":{"line":12,"column":39},"end":{"line":17,"column":1}}},"1":{"name":"(anonymous_1)","decl":{"start":{"line":14,"column":8},"end":{"line":14,"column":9}},"loc":{"start":{"line":14,"column":22},"end":{"line":14,"column":76}}}},"branchMap":{"0":{"loc":{"start":{"line":14,"column":33},"end":{"line":14,"column":75}},"type":"cond-expr","locations":[{"start":{"line":14,"column":54},"end":{"line":14,"column":69}},{"start":{"line":14,"column":72},"end":{"line":14,"column":75}}]}},"s":{"0":6,"1":4,"2":7},"f":{"0":4,"1":7},"b":{"0":[3,4]}}
,"C:\\Users\\shiva\\Documents\\My Study\\nodejs tutorial\\codetrix\\src\\array\\index.ts": {"path":"C:\\Users\\shiva\\Documents\\My Study\\nodejs tutorial\\codetrix\\src\\array\\index.ts","statementMap":{"0":{"start":{"line":1,"column":0},"end":{"line":1,"column":26}},"1":{"start":{"line":2,"column":0},"end":{"line":2,"column":25}},"2":{"start":{"line":3,"column":0},"end":{"line":3,"column":26}},"3":{"start":{"line":4,"column":0},"end":{"line":4,"column":29}},"4":{"start":{"line":5,"column":0},"end":{"line":5,"column":28}},"5":{"start":{"line":6,"column":0},"end":{"line":6,"column":26}}},"fnMap":{},"branchMap":{},"s":{"0":6,"1":6,"2":6,"3":6,"4":6,"5":6},"f":{},"b":{}}
,"C:\\Users\\shiva\\Documents\\My Study\\nodejs tutorial\\codetrix\\src\\array\\intersect.ts": {"path":"C:\\Users\\shiva\\Documents\\My Study\\nodejs tutorial\\codetrix\\src\\array\\intersect.ts","statementMap":{"0":{"start":{"line":12,"column":0},"end":{"line":12,"column":16}},"1":{"start":{"line":13,"column":4},"end":{"line":13,"column":39}},"2":{"start":{"line":13,"column":29},"end":{"line":13,"column":39}},"3":{"start":{"line":14,"column":4},"end":{"line":14,"column":83}},"4":{"start":{"line":14,"column":40},"end":{"line":14,"column":81}},"5":{"start":{"line":14,"column":60},"end":{"line":14,"column":80}}},"fnMap":{"0":{"name":"intersect","decl":{"start":{"line":12,"column":16},"end":{"line":12,"column":25}},"loc":{"start":{"line":12,"column":45},"end":{"line":15,"column":1}}},"1":{"name":"(anonymous_1)","decl":{"start":{"line":14,"column":25},"end":{"line":14,"column":26}},"loc":{"start":{"line":14,"column":40},"end":{"line":14,"column":81}}},"2":{"name":"(anonymous_2)","decl":{"start":{"line":14,"column":51},"end":{"line":14,"column":56}},"loc":{"start":{"line":14,"column":60},"end":{"line":14,"column":80}}}},"branchMap":{"0":{"loc":{"start":{"line":13,"column":4},"end":{"line":13,"column":39}},"type":"if","locations":[{"start":{"line":13,"column":4},"end":{"line":13,"column":39}}]}},"s":{"0":6,"1":5,"2":1,"3":4,"4":5,"5":9},"f":{"0":5,"1":5,"2":9},"b":{"0":[1]}}
,"C:\\Users\\shiva\\Documents\\My Study\\nodejs tutorial\\codetrix\\src\\array\\shuffle.ts": {"path":"C:\\Users\\shiva\\Documents\\My Study\\nodejs tutorial\\codetrix\\src\\array\\shuffle.ts","statementMap":{"0":{"start":{"line":12,"column":0},"end":{"line":12,"column":16}},"1":{"start":{"line":13,"column":19},"end":{"line":13,"column":29}},"2":{"start":{"line":14,"column":4},"end":{"line":17,"column":5}},"3":{"start":{"line":14,"column":17},"end":{"line":14,"column":34}},"4":{"start":{"line":15,"column":18},"end":{"line":15,"column":53}},"5":{"start":{"line":16,"column":8},"end":{"line":16,"column":56}},"6":{"start":{"line":18,"column":4},"end":{"line":18,"column":18}}},"fnMap":{"0":{"name":"shuffle","decl":{"start":{"line":12,"column":16},"end":{"line":12,"column":23}},"loc":{"start":{"line":12,"column":37},"end":{"line":19,"column":1}}}},"branchMap":{},"s":{"0":6,"1":1,"2":1,"3":1,"4":3,"5":3,"6":1},"f":{"0":1},"b":{}}
,"C:\\Users\\shiva\\Documents\\My Study\\nodejs tutorial\\codetrix\\src\\array\\unique.ts": {"path":"C:\\Users\\shiva\\Documents\\My Study\\nodejs tutorial\\codetrix\\src\\array\\unique.ts","statementMap":{"0":{"start":{"line":12,"column":0},"end":{"line":12,"column":16}},"1":{"start":{"line":13,"column":4},"end":{"line":13,"column":38}}},"fnMap":{"0":{"name":"unique","decl":{"start":{"line":12,"column":16},"end":{"line":12,"column":22}},"loc":{"start":{"line":12,"column":36},"end":{"line":14,"column":1}}}},"branchMap":{},"s":{"0":6,"1":1},"f":{"0":1},"b":{}}
,"C:\\Users\\shiva\\Documents\\My Study\\nodejs tutorial\\codetrix\\src\\date\\format.ts": {"path":"C:\\Users\\shiva\\Documents\\My Study\\nodejs tutorial\\codetrix\\src\\date\\format.ts","statementMap":{"0":{"start":{"line":12,"column":0},"end":{"line":12,"column":16}},"1":{"start":{"line":30,"column":0},"end":{"line":30,"column":16}},"2":{"start":{"line":13,"column":17},"end":{"line":13,"column":35}},"3":{"start":{"line":14,"column":15},"end":{"line":14,"column":59}},"4":{"start":{"line":15,"column":15},"end":{"line":15,"column":54}},"5":{"start":{"line":16,"column":4},"end":{"line":16,"column":55}},"6":{"start":{"line":31,"column":18},"end":{"line":31,"column":28}},"7":{"start":{"line":32,"column":21},"end":{"line":32,"column":82}},"8":{"start":{"line":33,"column":22},"end":{"line":33,"column":86}},"9":{"start":{"line":35,"column":21},"end":{"line":35,"column":61}},"10":{"start":{"line":36,"column":21},"end":{"line":36,"column":65}},"11":{"start":{"line":38,"column":4},"end":{"line":38,"column":39}},"12":{"start":{"line":38,"column":24},"end":{"line":38,"column":39}},"13":{"start":{"line":39,"column":4},"end":{"line":39,"column":42}},"14":{"start":{"line":39,"column":24},"end":{"line":39,"column":42}},"15":{"start":{"line":40,"column":4},"end":{"line":40,"column":44}},"16":{"start":{"line":40,"column":25},"end":{"line":40,"column":44}},"17":{"start":{"line":41,"column":4},"end":{"line":41,"column":51}},"18":{"start":{"line":41,"column":22},"end":{"line":41,"column":51}},"19":{"start":{"line":42,"column":4},"end":{"line":42,"column":44}}},"fnMap":{"0":{"name":"formatDate","decl":{"start":{"line":12,"column":16},"end":{"line":12,"column":26}},"loc":{"start":{"line":12,"column":62},"end":{"line":17,"column":1}}},"1":{"name":"formatRelative","decl":{"start":{"line":30,"column":16},"end":{"line":30,"column":30}},"loc":{"start":{"line":30,"column":41},"end":{"line":43,"column":1}}}},"branchMap":{"0":{"loc":{"start":{"line":12,"column":39},"end":{"line":12,"column":62}},"type":"default-arg","locations":[{"start":{"line":12,"column":59},"end":{"line":12,"column":62}}]},"1":{"loc":{"start":{"line":38,"column":4},"end":{"line":38,"column":39}},"type":"if","locations":[{"start":{"line":38,"column":4},"end":{"line":38,"column":39}}]},"2":{"loc":{"start":{"line":39,"column":4},"end":{"line":39,"column":42}},"type":"if","locations":[{"start":{"line":39,"column":4},"end":{"line":39,"column":42}}]},"3":{"loc":{"start":{"line":40,"column":4},"end":{"line":40,"column":44}},"type":"if","locations":[{"start":{"line":40,"column":4},"end":{"line":40,"column":44}}]},"4":{"loc":{"start":{"line":41,"column":4},"end":{"line":41,"column":51}},"type":"if","locations":[{"start":{"line":41,"column":4},"end":{"line":41,"column":51}}]}},"s":{"0":5,"1":5,"2":2,"3":2,"4":2,"5":2,"6":5,"7":5,"8":5,"9":5,"10":5,"11":5,"12":1,"13":4,"14":1,"15":3,"16":1,"17":2,"18":1,"19":1},"f":{"0":2,"1":5},"b":{"0":[1],"1":[1],"2":[1],"3":[1],"4":[1]}}
,"C:\\Users\\shiva\\Documents\\My Study\\nodejs tutorial\\codetrix\\src\\date\\get.ts": {"path":"C:\\Users\\shiva\\Documents\\My Study\\nodejs tutorial\\codetrix\\src\\date\\get.ts","statementMap":{"0":{"start":{"line":12,"column":0},"end":{"line":12,"column":16}},"1":{"start":{"line":25,"column":0},"end":{"line":25,"column":16}},"2":{"start":{"line":38,"column":0},"end":{"line":38,"column":16}},"3":{"start":{"line":51,"column":0},"end":{"line":51,"column":16}},"4":{"start":{"line":74,"column":0},"end":{"line":74,"column":16}},"5":{"start":{"line":90,"column":0},"end":{"line":90,"column":16}},"6":{"start":{"line":13,"column":4},"end":{"line":13,"column":26}},"7":{"start":{"line":26,"column":4},"end":{"line":26,"column":31}},"8":{"start":{"line":39,"column":4},"end":{"line":39,"column":30}},"9":{"start":{"line":52,"column":21},"end":{"line":52,"column":45}},"10":{"start":{"line":53,"column":4},"end":{"line":53,"column":34}},"11":{"start":{"line":54,"column":4},"end":{"line":54,"column":77}},"12":{"start":{"line":55,"column":18},"end":{"line":55,"column":56}},"13":{"start":{"line":56,"column":4},"end":{"line":62,"column":6}},"14":{"start":{"line":75,"column":17},"end":{"line":75,"column":35}},"15":{"start":{"line":76,"column":18},"end":{"line":76,"column":33}},"16":{"start":{"line":77,"column":4},"end":{"line":77,"column":50}},"17":{"start":{"line":91,"column":4},"end":{"line":96,"column":6}}},"fnMap":{"0":{"name":"getDay","decl":{"start":{"line":12,"column":16},"end":{"line":12,"column":22}},"loc":{"start":{"line":12,"column":33},"end":{"line":14,"column":1}}},"1":{"name":"getMonth","decl":{"start":{"line":25,"column":16},"end":{"line":25,"column":24}},"loc":{"start":{"line":25,"column":35},"end":{"line":27,"column":1}}},"2":{"name":"getYear","decl":{"start":{"line":38,"column":16},"end":{"line":38,"column":23}},"loc":{"start":{"line":38,"column":34},"end":{"line":40,"column":1}}},"3":{"name":"getWeekNumber","decl":{"start":{"line":51,"column":16},"end":{"line":51,"column":29}},"loc":{"start":{"line":51,"column":40},"end":{"line":63,"column":1}}},"4":{"name":"getDaysInMonth","decl":{"start":{"line":74,"column":16},"end":{"line":74,"column":30}},"loc":{"start":{"line":74,"column":41},"end":{"line":78,"column":1}}},"5":{"name":"getTimeParts","decl":{"start":{"line":90,"column":16},"end":{"line":90,"column":28}},"loc":{"start":{"line":90,"column":39},"end":{"line":97,"column":1}}}},"branchMap":{},"s":{"0":5,"1":5,"2":5,"3":5,"4":5,"5":5,"6":1,"7":1,"8":1,"9":3,"10":3,"11":3,"12":3,"13":3,"14":2,"15":2,"16":2,"17":1},"f":{"0":1,"1":1,"2":1,"3":3,"4":2,"5":1},"b":{}}
,"C:\\Users\\shiva\\Documents\\My Study\\nodejs tutorial\\codetrix\\src\\date\\index.ts": {"path":"C:\\Users\\shiva\\Documents\\My Study\\nodejs tutorial\\codetrix\\src\\date\\index.ts","statementMap":{"0":{"start":{"line":1,"column":0},"end":{"line":1,"column":21}},"1":{"start":{"line":2,"column":0},"end":{"line":2,"column":22}},"2":{"start":{"line":3,"column":0},"end":{"line":3,"column":22}},"3":{"start":{"line":4,"column":0},"end":{"line":4,"column":24}},"4":{"start":{"line":5,"column":0},"end":{"line":5,"column":25}}},"fnMap":{},"branchMap":{},"s":{"0":5,"1":5,"2":5,"3":5,"4":5},"f":{},"b":{}}
,"C:\\Users\\shiva\\Documents\\My Study\\nodejs tutorial\\codetrix\\src\\date\\is.ts": {"path":"C:\\Users\\shiva\\Documents\\My Study\\nodejs tutorial\\codetrix\\src\\date\\is.ts","statementMap":{"0":{"start":{"line":11,"column":0},"end":{"line":11,"column":16}},"1":{"start":{"line":25,"column":0},"end":{"line":25,"column":16}},"2":{"start":{"line":39,"column":0},"end":{"line":39,"column":16}},"3":{"start":{"line":56,"column":0},"end":{"line":56,"column":16}},"4":{"start":{"line":70,"column":0},"end":{"line":70,"column":16}},"5":{"start":{"line":12,"column":4},"end":{"line":12,"column":45}},"6":{"start":{"line":26,"column":4},"end":{"line":26,"column":45}},"7":{"start":{"line":40,"column":4},"end":{"line":44,"column":6}},"8":{"start":{"line":57,"column":16},"end":{"line":57,"column":29}},"9":{"start":{"line":58,"column":4},"end":{"line":58,"column":34}},"10":{"start":{"line":71,"column":4},"end":{"line":71,"column":68}}},"fnMap":{"0":{"name":"isAfter","decl":{"start":{"line":11,"column":16},"end":{"line":11,"column":23}},"loc":{"start":{"line":11,"column":48},"end":{"line":13,"column":1}}},"1":{"name":"isBefore","decl":{"start":{"line":25,"column":16},"end":{"line":25,"column":24}},"loc":{"start":{"line":25,"column":49},"end":{"line":27,"column":1}}},"2":{"name":"isSameDay","decl":{"start":{"line":39,"column":16},"end":{"line":39,"column":25}},"loc":{"start":{"line":39,"column":50},"end":{"line":45,"column":1}}},"3":{"name":"isWeekend","decl":{"start":{"line":56,"column":16},"end":{"line":56,"column":25}},"loc":{"start":{"line":56,"column":36},"end":{"line":59,"column":1}}},"4":{"name":"isLeapYear","decl":{"start":{"line":70,"column":16},"end":{"line":70,"column":26}},"loc":{"start":{"line":70,"column":39},"end":{"line":72,"column":1}}}},"branchMap":{"0":{"loc":{"start":{"line":41,"column":8},"end":{"line":43,"column":43}},"type":"binary-expr","locations":[{"start":{"line":41,"column":8},"end":{"line":41,"column":51}},{"start":{"line":42,"column":8},"end":{"line":42,"column":45}},{"start":{"line":43,"column":8},"end":{"line":43,"column":43}}]},"1":{"loc":{"start":{"line":58,"column":11},"end":{"line":58,"column":33}},"type":"binary-expr","locations":[{"start":{"line":58,"column":11},"end":{"line":58,"column":20}},{"start":{"line":58,"column":24},"end":{"line":58,"column":33}}]},"2":{"loc":{"start":{"line":71,"column":11},"end":{"line":71,"column":67}},"type":"binary-expr","locations":[{"start":{"line":71,"column":12},"end":{"line":71,"column":26}},{"start":{"line":71,"column":30},"end":{"line":71,"column":46}},{"start":{"line":71,"column":51},"end":{"line":71,"column":67}}]}},"s":{"0":5,"1":5,"2":5,"3":5,"4":5,"5":2,"6":2,"7":2,"8":2,"9":2,"10":2},"f":{"0":2,"1":2,"2":2,"3":2,"4":2},"b":{"0":[2,2,2],"1":[2,1],"2":[2,1,1]}}
,"C:\\Users\\shiva\\Documents\\My Study\\nodejs tutorial\\codetrix\\src\\date\\set.ts": {"path":"C:\\Users\\shiva\\Documents\\My Study\\nodejs tutorial\\codetrix\\src\\date\\set.ts","statementMap":{"0":{"start":{"line":11,"column":0},"end":{"line":11,"column":16}},"1":{"start":{"line":27,"column":0},"end":{"line":27,"column":16}},"2":{"start":{"line":43,"column":0},"end":{"line":43,"column":16}},"3":{"start":{"line":62,"column":0},"end":{"line":62,"column":16}},"4":{"start":{"line":83,"column":0},"end":{"line":83,"column":16}},"5":{"start":{"line":12,"column":20},"end":{"line":12,"column":34}},"6":{"start":{"line":13,"column":4},"end":{"line":13,"column":30}},"7":{"start":{"line":14,"column":4},"end":{"line":14,"column":19}},"8":{"start":{"line":28,"column":20},"end":{"line":28,"column":34}},"9":{"start":{"line":29,"column":4},"end":{"line":29,"column":32}},"10":{"start":{"line":30,"column":4},"end":{"line":30,"column":19}},"11":{"start":{"line":44,"column":20},"end":{"line":44,"column":34}},"12":{"start":{"line":45,"column":4},"end":{"line":45,"column":25}},"13":{"start":{"line":46,"column":4},"end":{"line":46,"column":19}},"14":{"start":{"line":69,"column":20},"end":{"line":69,"column":34}},"15":{"start":{"line":70,"column":4},"end":{"line":70,"column":60}},"16":{"start":{"line":71,"column":4},"end":{"line":71,"column":19}},"17":{"start":{"line":84,"column":20},"end":{"line":84,"column":34}},"18":{"start":{"line":85,"column":4},"end":{"line":85,"column":33}},"19":{"start":{"line":86,"column":4},"end":{"line":86,"column":19}}},"fnMap":{"0":{"name":"setYear","decl":{"start":{"line":11,"column":16},"end":{"line":11,"column":23}},"loc":{"start":{"line":11,"column":48},"end":{"line":15,"column":1}}},"1":{"name":"setMonth","decl":{"start":{"line":27,"column":16},"end":{"line":27,"column":24}},"loc":{"start":{"line":27,"column":50},"end":{"line":31,"column":1}}},"2":{"name":"setDay","decl":{"start":{"line":43,"column":16},"end":{"line":43,"column":22}},"loc":{"start":{"line":43,"column":46},"end":{"line":47,"column":1}}},"3":{"name":"setTime","decl":{"start":{"line":62,"column":16},"end":{"line":62,"column":23}},"loc":{"start":{"line":67,"column":28},"end":{"line":72,"column":1}}},"4":{"name":"setToStartOfDay","decl":{"start":{"line":83,"column":16},"end":{"line":83,"column":31}},"loc":{"start":{"line":83,"column":42},"end":{"line":87,"column":1}}}},"branchMap":{"0":{"loc":{"start":{"line":64,"column":4},"end":{"line":64,"column":21}},"type":"default-arg","locations":[{"start":{"line":64,"column":20},"end":{"line":64,"column":21}}]},"1":{"loc":{"start":{"line":65,"column":4},"end":{"line":65,"column":23}},"type":"default-arg","locations":[{"start":{"line":65,"column":22},"end":{"line":65,"column":23}}]},"2":{"loc":{"start":{"line":66,"column":4},"end":{"line":66,"column":23}},"type":"default-arg","locations":[{"start":{"line":66,"column":22},"end":{"line":66,"column":23}}]},"3":{"loc":{"start":{"line":67,"column":4},"end":{"line":67,"column":28}},"type":"default-arg","locations":[{"start":{"line":67,"column":27},"end":{"line":67,"column":28}}]}},"s":{"0":5,"1":5,"2":5,"3":5,"4":5,"5":1,"6":1,"7":1,"8":1,"9":1,"10":1,"11":1,"12":1,"13":1,"14":5,"15":5,"16":5,"17":1,"18":1,"19":1},"f":{"0":1,"1":1,"2":1,"3":5,"4":1},"b":{"0":[1],"1":[2],"2":[3],"3":[4]}}
,"C:\\Users\\shiva\\Documents\\My Study\\nodejs tutorial\\codetrix\\src\\date\\utils.ts": {"path":"C:\\Users\\shiva\\Documents\\My Study\\nodejs tutorial\\codetrix\\src\\date\\utils.ts","statementMap":{"0":{"start":{"line":10,"column":0},"end":{"line":10,"column":16}},"1":{"start":{"line":24,"column":0},"end":{"line":24,"column":16}},"2":{"start":{"line":39,"column":0},"end":{"line":39,"column":16}},"3":{"start":{"line":53,"column":0},"end":{"line":53,"column":16}},"4":{"start":{"line":69,"column":0},"end":{"line":69,"column":16}},"5":{"start":{"line":11,"column":4},"end":{"line":11,"column":36}},"6":{"start":{"line":25,"column":21},"end":{"line":25,"column":40}},"7":{"start":{"line":26,"column":21},"end":{"line":26,"column":52}},"8":{"start":{"line":27,"column":4},"end":{"line":27,"column":43}},"9":{"start":{"line":40,"column":4},"end":{"line":40,"column":44}},"10":{"start":{"line":54,"column":19},"end":{"line":54,"column":33}},"11":{"start":{"line":55,"column":4},"end":{"line":55,"column":44}},"12":{"start":{"line":56,"column":4},"end":{"line":56,"column":18}},"13":{"start":{"line":70,"column":19},"end":{"line":70,"column":33}},"14":{"start":{"line":71,"column":4},"end":{"line":71,"column":44}},"15":{"start":{"line":72,"column":4},"end":{"line":72,"column":18}}},"fnMap":{"0":{"name":"cloneDate","decl":{"start":{"line":10,"column":16},"end":{"line":10,"column":25}},"loc":{"start":{"line":10,"column":36},"end":{"line":12,"column":1}}},"1":{"name":"daysBetween","decl":{"start":{"line":24,"column":16},"end":{"line":24,"column":27}},"loc":{"start":{"line":24,"column":50},"end":{"line":28,"column":1}}},"2":{"name":"toISODate","decl":{"start":{"line":39,"column":16},"end":{"line":39,"column":25}},"loc":{"start":{"line":39,"column":36},"end":{"line":41,"column":1}}},"3":{"name":"addDays","decl":{"start":{"line":53,"column":16},"end":{"line":53,"column":23}},"loc":{"start":{"line":53,"column":48},"end":{"line":57,"column":1}}},"4":{"name":"subDays","decl":{"start":{"line":69,"column":16},"end":{"line":69,"column":23}},"loc":{"start":{"line":69,"column":48},"end":{"line":73,"column":1}}}},"branchMap":{},"s":{"0":5,"1":5,"2":5,"3":5,"4":5,"5":1,"6":1,"7":1,"8":1,"9":1,"10":1,"11":1,"12":1,"13":1,"14":1,"15":1},"f":{"0":1,"1":1,"2":1,"3":1,"4":1},"b":{}}
,"C:\\Users\\shiva\\Documents\\My Study\\nodejs tutorial\\codetrix\\src\\number\\clamp.ts": {"path":"C:\\Users\\shiva\\Documents\\My Study\\nodejs tutorial\\codetrix\\src\\number\\clamp.ts","statementMap":{"0":{"start":{"line":13,"column":0},"end":{"line":13,"column":16}},"1":{"start":{"line":14,"column":4},"end":{"line":14,"column":47}}},"fnMap":{"0":{"name":"clamp","decl":{"start":{"line":13,"column":16},"end":{"line":13,"column":21}},"loc":{"start":{"line":13,"column":61},"end":{"line":15,"column":1}}}},"branchMap":{},"s":{"0":6,"1":3},"f":{"0":3},"b":{}}
,"C:\\Users\\shiva\\Documents\\My Study\\nodejs tutorial\\codetrix\\src\\number\\index.ts": {"path":"C:\\Users\\shiva\\Documents\\My Study\\nodejs tutorial\\codetrix\\src\\number\\index.ts","statementMap":{"0":{"start":{"line":1,"column":0},"end":{"line":1,"column":24}},"1":{"start":{"line":2,"column":0},"end":{"line":2,"column":25}},"2":{"start":{"line":3,"column":0},"end":{"line":3,"column":24}},"3":{"start":{"line":4,"column":0},"end":{"line":4,"column":26}},"4":{"start":{"line":5,"column":0},"end":{"line":5,"column":29}},"5":{"start":{"line":6,"column":0},"end":{"line":6,"column":25}},"6":{"start":{"line":7,"column":0},"end":{"line":7,"column":26}}},"fnMap":{},"branchMap":{},"s":{"0":6,"1":6,"2":6,"3":6,"4":6,"5":6,"6":6},"f":{},"b":{}}
,"C:\\Users\\shiva\\Documents\\My Study\\nodejs tutorial\\codetrix\\src\\number\\isEven.ts": {"path":"C:\\Users\\shiva\\Documents\\My Study\\nodejs tutorial\\codetrix\\src\\number\\isEven.ts","statementMap":{"0":{"start":{"line":11,"column":0},"end":{"line":11,"column":16}},"1":{"start":{"line":12,"column":4},"end":{"line":12,"column":25}}},"fnMap":{"0":{"name":"isEven","decl":{"start":{"line":11,"column":16},"end":{"line":11,"column":22}},"loc":{"start":{"line":11,"column":34},"end":{"line":13,"column":1}}}},"branchMap":{},"s":{"0":6,"1":3},"f":{"0":3},"b":{}}
,"C:\\Users\\shiva\\Documents\\My Study\\nodejs tutorial\\codetrix\\src\\number\\isOdd.ts": {"path":"C:\\Users\\shiva\\Documents\\My Study\\nodejs tutorial\\codetrix\\src\\number\\isOdd.ts","statementMap":{"0":{"start":{"line":11,"column":0},"end":{"line":11,"column":16}},"1":{"start":{"line":12,"column":4},"end":{"line":12,"column":25}}},"fnMap":{"0":{"name":"isOdd","decl":{"start":{"line":11,"column":16},"end":{"line":11,"column":21}},"loc":{"start":{"line":11,"column":33},"end":{"line":13,"column":1}}}},"branchMap":{},"s":{"0":6,"1":2},"f":{"0":2},"b":{}}
,"C:\\Users\\shiva\\Documents\\My Study\\nodejs tutorial\\codetrix\\src\\number\\isPrime.ts": {"path":"C:\\Users\\shiva\\Documents\\My Study\\nodejs tutorial\\codetrix\\src\\number\\isPrime.ts","statementMap":{"0":{"start":{"line":11,"column":0},"end":{"line":11,"column":16}},"1":{"start":{"line":12,"column":4},"end":{"line":12,"column":31}},"2":{"start":{"line":12,"column":18},"end":{"line":12,"column":31}},"3":{"start":{"line":13,"column":4},"end":{"line":15,"column":5}},"4":{"start":{"line":13,"column":17},"end":{"line":13,"column":18}},"5":{"start":{"line":13,"column":27},"end":{"line":13,"column":41}},"6":{"start":{"line":14,"column":8},"end":{"line":14,"column":40}},"7":{"start":{"line":14,"column":27},"end":{"line":14,"column":40}},"8":{"start":{"line":16,"column":4},"end":{"line":16,"column":16}}},"fnMap":{"0":{"name":"isPrime","decl":{"start":{"line":11,"column":16},"end":{"line":11,"column":23}},"loc":{"start":{"line":11,"column":35},"end":{"line":17,"column":1}}}},"branchMap":{"0":{"loc":{"start":{"line":12,"column":4},"end":{"line":12,"column":31}},"type":"if","locations":[{"start":{"line":12,"column":4},"end":{"line":12,"column":31}}]},"1":{"loc":{"start":{"line":14,"column":8},"end":{"line":14,"column":40}},"type":"if","locations":[{"start":{"line":14,"column":8},"end":{"line":14,"column":40}}]}},"s":{"0":6,"1":7,"2":2,"3":5,"4":5,"5":5,"6":5,"7":2,"8":3},"f":{"0":7},"b":{"0":[2],"1":[2]}}
,"C:\\Users\\shiva\\Documents\\My Study\\nodejs tutorial\\codetrix\\src\\number\\percentage.ts": {"path":"C:\\Users\\shiva\\Documents\\My Study\\nodejs tutorial\\codetrix\\src\\number\\percentage.ts","statementMap":{"0":{"start":{"line":12,"column":0},"end":{"line":12,"column":16}},"1":{"start":{"line":13,"column":4},"end":{"line":13,"column":30}},"2":{"start":{"line":13,"column":21},"end":{"line":13,"column":30}},"3":{"start":{"line":14,"column":4},"end":{"line":14,"column":33}}},"fnMap":{"0":{"name":"percentage","decl":{"start":{"line":12,"column":16},"end":{"line":12,"column":26}},"loc":{"start":{"line":12,"column":55},"end":{"line":15,"column":1}}}},"branchMap":{"0":{"loc":{"start":{"line":13,"column":4},"end":{"line":13,"column":30}},"type":"if","locations":[{"start":{"line":13,"column":4},"end":{"line":13,"column":30}}]}},"s":{"0":6,"1":3,"2":1,"3":2},"f":{"0":3},"b":{"0":[1]}}
,"C:\\Users\\shiva\\Documents\\My Study\\nodejs tutorial\\codetrix\\src\\number\\random.ts": {"path":"C:\\Users\\shiva\\Documents\\My Study\\nodejs tutorial\\codetrix\\src\\number\\random.ts","statementMap":{"0":{"start":{"line":12,"column":0},"end":{"line":12,"column":16}},"1":{"start":{"line":26,"column":0},"end":{"line":26,"column":16}},"2":{"start":{"line":40,"column":0},"end":{"line":40,"column":16}},"3":{"start":{"line":13,"column":4},"end":{"line":13,"column":45}},"4":{"start":{"line":27,"column":4},"end":{"line":27,"column":61}},"5":{"start":{"line":41,"column":4},"end":{"line":43,"column":5}},"6":{"start":{"line":42,"column":8},"end":{"line":42,"column":67}},"7":{"start":{"line":45,"column":16},"end":{"line":45,"column":40}},"8":{"start":{"line":46,"column":16},"end":{"line":46,"column":40}},"9":{"start":{"line":48,"column":4},"end":{"line":48,"column":61}}},"fnMap":{"0":{"name":"random","decl":{"start":{"line":12,"column":16},"end":{"line":12,"column":22}},"loc":{"start":{"line":12,"column":55},"end":{"line":14,"column":1}}},"1":{"name":"randomInt","decl":{"start":{"line":26,"column":16},"end":{"line":26,"column":25}},"loc":{"start":{"line":26,"column":50},"end":{"line":28,"column":1}}},"2":{"name":"randomByDigits","decl":{"start":{"line":40,"column":16},"end":{"line":40,"column":30}},"loc":{"start":{"line":40,"column":45},"end":{"line":49,"column":1}}}},"branchMap":{"0":{"loc":{"start":{"line":12,"column":23},"end":{"line":12,"column":38}},"type":"default-arg","locations":[{"start":{"line":12,"column":37},"end":{"line":12,"column":38}}]},"1":{"loc":{"start":{"line":12,"column":40},"end":{"line":12,"column":55}},"type":"default-arg","locations":[{"start":{"line":12,"column":54},"end":{"line":12,"column":55}}]},"2":{"loc":{"start":{"line":41,"column":4},"end":{"line":43,"column":5}},"type":"if","locations":[{"start":{"line":41,"column":4},"end":{"line":43,"column":5}}]}},"s":{"0":6,"1":6,"2":6,"3":3,"4":10,"5":3,"6":2,"7":1,"8":1,"9":1},"f":{"0":3,"1":10,"2":3},"b":{"0":[1],"1":[1],"2":[2]}}
,"C:\\Users\\shiva\\Documents\\My Study\\nodejs tutorial\\codetrix\\src\\number\\roundTo.ts": {"path":"C:\\Users\\shiva\\Documents\\My Study\\nodejs tutorial\\codetrix\\src\\number\\roundTo.ts","statementMap":{"0":{"start":{"line":11,"column":0},"end":{"line":11,"column":16}},"1":{"start":{"line":12,"column":19},"end":{"line":12,"column":41}},"2":{"start":{"line":13,"column":4},"end":{"line":13,"column":47}}},"fnMap":{"0":{"name":"roundTo","decl":{"start":{"line":11,"column":16},"end":{"line":11,"column":23}},"loc":{"start":{"line":11,"column":59},"end":{"line":14,"column":1}}}},"branchMap":{"0":{"loc":{"start":{"line":11,"column":39},"end":{"line":11,"column":59}},"type":"default-arg","locations":[{"start":{"line":11,"column":58},"end":{"line":11,"column":59}}]}},"s":{"0":6,"1":4,"2":4},"f":{"0":4},"b":{"0":[1]}}
,"C:\\Users\\shiva\\Documents\\My Study\\nodejs tutorial\\codetrix\\src\\objects\\deepClone.ts": {"path":"C:\\Users\\shiva\\Documents\\My Study\\nodejs tutorial\\codetrix\\src\\objects\\deepClone.ts","statementMap":{"0":{"start":{"line":11,"column":0},"end":{"line":11,"column":16}},"1":{"start":{"line":12,"column":4},"end":{"line":12,"column":45}}},"fnMap":{"0":{"name":"deepClone","decl":{"start":{"line":11,"column":16},"end":{"line":11,"column":25}},"loc":{"start":{"line":11,"column":37},"end":{"line":13,"column":1}}}},"branchMap":{},"s":{"0":5,"1":1},"f":{"0":1},"b":{}}
,"C:\\Users\\shiva\\Documents\\My Study\\nodejs tutorial\\codetrix\\src\\objects\\getNested.ts": {"path":"C:\\Users\\shiva\\Documents\\My Study\\nodejs tutorial\\codetrix\\src\\objects\\getNested.ts","statementMap":{"0":{"start":{"line":13,"column":0},"end":{"line":13,"column":16}},"1":{"start":{"line":14,"column":4},"end":{"line":14,"column":77}},"2":{"start":{"line":14,"column":48},"end":{"line":14,"column":58}}},"fnMap":{"0":{"name":"getNested","decl":{"start":{"line":13,"column":16},"end":{"line":13,"column":25}},"loc":{"start":{"line":13,"column":71},"end":{"line":15,"column":1}}},"1":{"name":"(anonymous_1)","decl":{"start":{"line":14,"column":34},"end":{"line":14,"column":35}},"loc":{"start":{"line":14,"column":48},"end":{"line":14,"column":58}}}},"branchMap":{"0":{"loc":{"start":{"line":14,"column":11},"end":{"line":14,"column":76}},"type":"cond-expr","locations":[{"start":{"line":14,"column":64},"end":{"line":14,"column":68}},{"start":{"line":14,"column":68},"end":{"line":14,"column":76}}]},"1":{"loc":{"start":{"line":14,"column":11},"end":{"line":14,"column":68}},"type":"binary-expr","locations":[{"start":{"line":14,"column":11},"end":{"line":14,"column":68}},{"start":{"line":14,"column":64},"end":{"line":14,"column":68}}]},"2":{"loc":{"start":{"line":14,"column":48},"end":{"line":14,"column":58}},"type":"cond-expr","locations":[{"start":{"line":14,"column":51},"end":{"line":14,"column":54}},{"start":{"line":14,"column":48},"end":{"line":14,"column":58}}]},"3":{"loc":{"start":{"line":14,"column":48},"end":{"line":14,"column":54}},"type":"binary-expr","locations":[{"start":{"line":14,"column":48},"end":{"line":14,"column":54}},{"start":{"line":14,"column":48},"end":{"line":14,"column":54}}]}},"s":{"0":5,"1":2,"2":6},"f":{"0":2,"1":6},"b":{"0":[1,1],"1":[2,2],"2":[1,5],"3":[6,6]}}
,"C:\\Users\\shiva\\Documents\\My Study\\nodejs tutorial\\codetrix\\src\\objects\\index.ts": {"path":"C:\\Users\\shiva\\Documents\\My Study\\nodejs tutorial\\codetrix\\src\\objects\\index.ts","statementMap":{"0":{"start":{"line":1,"column":0},"end":{"line":1,"column":26}},"1":{"start":{"line":2,"column":0},"end":{"line":2,"column":28}},"2":{"start":{"line":3,"column":0},"end":{"line":3,"column":28}},"3":{"start":{"line":4,"column":0},"end":{"line":4,"column":31}},"4":{"start":{"line":5,"column":0},"end":{"line":5,"column":23}},"5":{"start":{"line":6,"column":0},"end":{"line":6,"column":23}}},"fnMap":{},"branchMap":{},"s":{"0":5,"1":5,"2":5,"3":5,"4":5,"5":5},"f":{},"b":{}}
,"C:\\Users\\shiva\\Documents\\My Study\\nodejs tutorial\\codetrix\\src\\objects\\isEmpty.ts": {"path":"C:\\Users\\shiva\\Documents\\My Study\\nodejs tutorial\\codetrix\\src\\objects\\isEmpty.ts","statementMap":{"0":{"start":{"line":14,"column":0},"end":{"line":14,"column":16}},"1":{"start":{"line":15,"column":2},"end":{"line":15,"column":33}},"2":{"start":{"line":15,"column":21},"end":{"line":15,"column":33}},"3":{"start":{"line":17,"column":2},"end":{"line":19,"column":3}},"4":{"start":{"line":18,"column":4},"end":{"line":18,"column":30}},"5":{"start":{"line":21,"column":2},"end":{"line":23,"column":3}},"6":{"start":{"line":22,"column":4},"end":{"line":22,"column":28}},"7":{"start":{"line":25,"column":2},"end":{"line":27,"column":3}},"8":{"start":{"line":26,"column":4},"end":{"line":26,"column":43}},"9":{"start":{"line":29,"column":2},"end":{"line":29,"column":15}}},"fnMap":{"0":{"name":"isEmpty","decl":{"start":{"line":14,"column":16},"end":{"line":14,"column":23}},"loc":{"start":{"line":14,"column":34},"end":{"line":30,"column":1}}}},"branchMap":{"0":{"loc":{"start":{"line":15,"column":2},"end":{"line":15,"column":33}},"type":"if","locations":[{"start":{"line":15,"column":2},"end":{"line":15,"column":33}}]},"1":{"loc":{"start":{"line":17,"column":2},"end":{"line":19,"column":3}},"type":"if","locations":[{"start":{"line":17,"column":2},"end":{"line":19,"column":3}}]},"2":{"loc":{"start":{"line":17,"column":6},"end":{"line":17,"column":55}},"type":"binary-expr","locations":[{"start":{"line":17,"column":6},"end":{"line":17,"column":31}},{"start":{"line":17,"column":35},"end":{"line":17,"column":55}}]},"3":{"loc":{"start":{"line":21,"column":2},"end":{"line":23,"column":3}},"type":"if","locations":[{"start":{"line":21,"column":2},"end":{"line":23,"column":3}}]},"4":{"loc":{"start":{"line":21,"column":6},"end":{"line":21,"column":50}},"type":"binary-expr","locations":[{"start":{"line":21,"column":6},"end":{"line":21,"column":26}},{"start":{"line":21,"column":30},"end":{"line":21,"column":50}}]},"5":{"loc":{"start":{"line":25,"column":2},"end":{"line":27,"column":3}},"type":"if","locations":[{"start":{"line":25,"column":2},"end":{"line":27,"column":3}}]}},"s":{"0":6,"1":11,"2":2,"3":9,"4":2,"5":7,"6":4,"7":3,"8":1,"9":2},"f":{"0":11},"b":{"0":[2],"1":[2],"2":[9,8],"3":[4],"4":[7,5],"5":[1]}}
,"C:\\Users\\shiva\\Documents\\My Study\\nodejs tutorial\\codetrix\\src\\objects\\mergeObjects.ts": {"path":"C:\\Users\\shiva\\Documents\\My Study\\nodejs tutorial\\codetrix\\src\\objects\\mergeObjects.ts","statementMap":{"0":{"start":{"line":10,"column":0},"end":{"line":10,"column":16}},"1":{"start":{"line":11,"column":4},"end":{"line":27,"column":16}},"2":{"start":{"line":12,"column":8},"end":{"line":25,"column":9}},"3":{"start":{"line":13,"column":12},"end":{"line":24,"column":13}},"4":{"start":{"line":14,"column":16},"end":{"line":23,"column":17}},"5":{"start":{"line":20,"column":20},"end":{"line":20,"column":64}},"6":{"start":{"line":22,"column":20},"end":{"line":22,"column":40}},"7":{"start":{"line":26,"column":8},"end":{"line":26,"column":19}}},"fnMap":{"0":{"name":"mergeObjects","decl":{"start":{"line":10,"column":16},"end":{"line":10,"column":28}},"loc":{"start":{"line":10,"column":62},"end":{"line":28,"column":1}}},"1":{"name":"(anonymous_1)","decl":{"start":{"line":11,"column":26},"end":{"line":11,"column":27}},"loc":{"start":{"line":11,"column":39},"end":{"line":27,"column":5}}}},"branchMap":{"0":{"loc":{"start":{"line":13,"column":12},"end":{"line":24,"column":13}},"type":"if","locations":[{"start":{"line":13,"column":12},"end":{"line":24,"column":13}}]},"1":{"loc":{"start":{"line":14,"column":16},"end":{"line":23,"column":17}},"type":"if","locations":[{"start":{"line":14,"column":16},"end":{"line":23,"column":17}},{"start":{"line":21,"column":23},"end":{"line":23,"column":17}}]},"2":{"loc":{"start":{"line":15,"column":20},"end":{"line":18,"column":44}},"type":"binary-expr","locations":[{"start":{"line":15,"column":20},"end":{"line":15,"column":48}},{"start":{"line":16,"column":20},"end":{"line":16,"column":48}},{"start":{"line":17,"column":20},"end":{"line":17,"column":44}},{"start":{"line":18,"column":20},"end":{"line":18,"column":44}}]}},"s":{"0":5,"1":2,"2":4,"3":4,"4":4,"5":0,"6":4,"7":4},"f":{"0":2,"1":4},"b":{"0":[4],"1":[0,4],"2":[4,0,0,0]}}
,"C:\\Users\\shiva\\Documents\\My Study\\nodejs tutorial\\codetrix\\src\\objects\\omit.ts": {"path":"C:\\Users\\shiva\\Documents\\My Study\\nodejs tutorial\\codetrix\\src\\objects\\omit.ts","statementMap":{"0":{"start":{"line":11,"column":0},"end":{"line":11,"column":16}},"1":{"start":{"line":12,"column":19},"end":{"line":12,"column":29}},"2":{"start":{"line":13,"column":4},"end":{"line":15,"column":5}},"3":{"start":{"line":14,"column":8},"end":{"line":14,"column":27}},"4":{"start":{"line":16,"column":4},"end":{"line":16,"column":18}}},"fnMap":{"0":{"name":"omit","decl":{"start":{"line":11,"column":16},"end":{"line":11,"column":20}},"loc":{"start":{"line":11,"column":75},"end":{"line":17,"column":1}}}},"branchMap":{},"s":{"0":5,"1":1,"2":1,"3":1,"4":1},"f":{"0":1},"b":{}}
,"C:\\Users\\shiva\\Documents\\My Study\\nodejs tutorial\\codetrix\\src\\objects\\pick.ts": {"path":"C:\\Users\\shiva\\Documents\\My Study\\nodejs tutorial\\codetrix\\src\\objects\\pick.ts","statementMap":{"0":{"start":{"line":11,"column":0},"end":{"line":11,"column":16}},"1":{"start":{"line":12,"column":19},"end":{"line":12,"column":35}},"2":{"start":{"line":13,"column":4},"end":{"line":17,"column":5}},"3":{"start":{"line":14,"column":8},"end":{"line":16,"column":9}},"4":{"start":{"line":15,"column":12},"end":{"line":15,"column":35}},"5":{"start":{"line":18,"column":4},"end":{"line":18,"column":18}}},"fnMap":{"0":{"name":"pick","decl":{"start":{"line":11,"column":16},"end":{"line":11,"column":20}},"loc":{"start":{"line":11,"column":75},"end":{"line":19,"column":1}}}},"branchMap":{"0":{"loc":{"start":{"line":14,"column":8},"end":{"line":16,"column":9}},"type":"if","locations":[{"start":{"line":14,"column":8},"end":{"line":16,"column":9}}]}},"s":{"0":5,"1":1,"2":1,"3":2,"4":2,"5":1},"f":{"0":1},"b":{"0":[2]}}
,"C:\\Users\\shiva\\Documents\\My Study\\nodejs tutorial\\codetrix\\src\\string\\camelCase.ts": {"path":"C:\\Users\\shiva\\Documents\\My Study\\nodejs tutorial\\codetrix\\src\\string\\camelCase.ts","statementMap":{"0":{"start":{"line":10,"column":0},"end":{"line":10,"column":16}},"1":{"start":{"line":11,"column":4},"end":{"line":13,"column":59}},"2":{"start":{"line":12,"column":44},"end":{"line":12,"column":68}},"3":{"start":{"line":13,"column":38},"end":{"line":13,"column":57}}},"fnMap":{"0":{"name":"camelCase","decl":{"start":{"line":10,"column":16},"end":{"line":10,"column":25}},"loc":{"start":{"line":10,"column":37},"end":{"line":14,"column":1}}},"1":{"name":"(anonymous_1)","decl":{"start":{"line":12,"column":33},"end":{"line":12,"column":34}},"loc":{"start":{"line":12,"column":44},"end":{"line":12,"column":68}}},"2":{"name":"(anonymous_2)","decl":{"start":{"line":13,"column":27},"end":{"line":13,"column":28}},"loc":{"start":{"line":13,"column":38},"end":{"line":13,"column":57}}}},"branchMap":{"0":{"loc":{"start":{"line":12,"column":44},"end":{"line":12,"column":68}},"type":"cond-expr","locations":[{"start":{"line":12,"column":48},"end":{"line":12,"column":63}},{"start":{"line":12,"column":66},"end":{"line":12,"column":68}}]}},"s":{"0":8,"1":5,"2":5,"3":1},"f":{"0":5,"1":5,"2":1},"b":{"0":[4,1]}}
,"C:\\Users\\shiva\\Documents\\My Study\\nodejs tutorial\\codetrix\\src\\string\\capitalize.ts": {"path":"C:\\Users\\shiva\\Documents\\My Study\\nodejs tutorial\\codetrix\\src\\string\\capitalize.ts","statementMap":{"0":{"start":{"line":10,"column":0},"end":{"line":10,"column":16}},"1":{"start":{"line":11,"column":4},"end":{"line":11,"column":24}},"2":{"start":{"line":11,"column":14},"end":{"line":11,"column":24}},"3":{"start":{"line":12,"column":4},"end":{"line":12,"column":47}}},"fnMap":{"0":{"name":"capitalize","decl":{"start":{"line":10,"column":16},"end":{"line":10,"column":26}},"loc":{"start":{"line":10,"column":38},"end":{"line":13,"column":1}}}},"branchMap":{"0":{"loc":{"start":{"line":11,"column":4},"end":{"line":11,"column":24}},"type":"if","locations":[{"start":{"line":11,"column":4},"end":{"line":11,"column":24}}]}},"s":{"0":8,"1":3,"2":1,"3":2},"f":{"0":3},"b":{"0":[1]}}
,"C:\\Users\\shiva\\Documents\\My Study\\nodejs tutorial\\codetrix\\src\\string\\countOccurrences.ts": {"path":"C:\\Users\\shiva\\Documents\\My Study\\nodejs tutorial\\codetrix\\src\\string\\countOccurrences.ts","statementMap":{"0":{"start":{"line":11,"column":0},"end":{"line":11,"column":16}},"1":{"start":{"line":12,"column":4},"end":{"line":12,"column":38}}},"fnMap":{"0":{"name":"countOccurrence","decl":{"start":{"line":11,"column":16},"end":{"line":11,"column":31}},"loc":{"start":{"line":11,"column":57},"end":{"line":13,"column":1}}}},"branchMap":{},"s":{"0":8,"1":2},"f":{"0":2},"b":{}}
,"C:\\Users\\shiva\\Documents\\My Study\\nodejs tutorial\\codetrix\\src\\string\\index.ts": {"path":"C:\\Users\\shiva\\Documents\\My Study\\nodejs tutorial\\codetrix\\src\\string\\index.ts","statementMap":{"0":{"start":{"line":1,"column":0},"end":{"line":1,"column":29}},"1":{"start":{"line":2,"column":0},"end":{"line":2,"column":28}},"2":{"start":{"line":3,"column":0},"end":{"line":3,"column":28}},"3":{"start":{"line":4,"column":0},"end":{"line":4,"column":28}},"4":{"start":{"line":5,"column":0},"end":{"line":5,"column":27}},"5":{"start":{"line":6,"column":0},"end":{"line":6,"column":32}},"6":{"start":{"line":7,"column":0},"end":{"line":7,"column":35}},"7":{"start":{"line":8,"column":0},"end":{"line":8,"column":33}}},"fnMap":{},"branchMap":{},"s":{"0":8,"1":8,"2":8,"3":8,"4":8,"5":8,"6":8,"7":8},"f":{},"b":{}}
,"C:\\Users\\shiva\\Documents\\My Study\\nodejs tutorial\\codetrix\\src\\string\\kebabCase.ts": {"path":"C:\\Users\\shiva\\Documents\\My Study\\nodejs tutorial\\codetrix\\src\\string\\kebabCase.ts","statementMap":{"0":{"start":{"line":10,"column":0},"end":{"line":10,"column":16}},"1":{"start":{"line":11,"column":4},"end":{"line":15,"column":23}}},"fnMap":{"0":{"name":"kebabCase","decl":{"start":{"line":10,"column":16},"end":{"line":10,"column":25}},"loc":{"start":{"line":10,"column":37},"end":{"line":16,"column":1}}}},"branchMap":{},"s":{"0":8,"1":3},"f":{"0":3},"b":{}}
,"C:\\Users\\shiva\\Documents\\My Study\\nodejs tutorial\\codetrix\\src\\string\\removeNonAlpha.ts": {"path":"C:\\Users\\shiva\\Documents\\My Study\\nodejs tutorial\\codetrix\\src\\string\\removeNonAlpha.ts","statementMap":{"0":{"start":{"line":10,"column":0},"end":{"line":10,"column":16}},"1":{"start":{"line":11,"column":4},"end":{"line":11,"column":41}}},"fnMap":{"0":{"name":"removeNonAlpha","decl":{"start":{"line":10,"column":16},"end":{"line":10,"column":30}},"loc":{"start":{"line":10,"column":42},"end":{"line":12,"column":1}}}},"branchMap":{},"s":{"0":8,"1":1},"f":{"0":1},"b":{}}
,"C:\\Users\\shiva\\Documents\\My Study\\nodejs tutorial\\codetrix\\src\\string\\reverseString.ts": {"path":"C:\\Users\\shiva\\Documents\\My Study\\nodejs tutorial\\codetrix\\src\\string\\reverseString.ts","statementMap":{"0":{"start":{"line":10,"column":0},"end":{"line":10,"column":16}},"1":{"start":{"line":11,"column":4},"end":{"line":11,"column":44}}},"fnMap":{"0":{"name":"reverseString","decl":{"start":{"line":10,"column":16},"end":{"line":10,"column":29}},"loc":{"start":{"line":10,"column":41},"end":{"line":12,"column":1}}}},"branchMap":{},"s":{"0":8,"1":1},"f":{"0":1},"b":{}}
,"C:\\Users\\shiva\\Documents\\My Study\\nodejs tutorial\\codetrix\\src\\string\\snakeCase.ts": {"path":"C:\\Users\\shiva\\Documents\\My Study\\nodejs tutorial\\codetrix\\src\\string\\snakeCase.ts","statementMap":{"0":{"start":{"line":10,"column":0},"end":{"line":10,"column":16}},"1":{"start":{"line":11,"column":4},"end":{"line":15,"column":23}}},"fnMap":{"0":{"name":"snakeCase","decl":{"start":{"line":10,"column":16},"end":{"line":10,"column":25}},"loc":{"start":{"line":10,"column":37},"end":{"line":16,"column":1}}}},"branchMap":{},"s":{"0":8,"1":3},"f":{"0":3},"b":{}}
,"C:\\Users\\shiva\\Documents\\My Study\\nodejs tutorial\\codetrix\\src\\string\\truncate.ts": {"path":"C:\\Users\\shiva\\Documents\\My Study\\nodejs tutorial\\codetrix\\src\\string\\truncate.ts","statementMap":{"0":{"start":{"line":12,"column":0},"end":{"line":12,"column":16}},"1":{"start":{"line":13,"column":4},"end":{"line":13,"column":41}},"2":{"start":{"line":13,"column":30},"end":{"line":13,"column":41}},"3":{"start":{"line":14,"column":4},"end":{"line":14,"column":41}}},"fnMap":{"0":{"name":"truncate","decl":{"start":{"line":12,"column":16},"end":{"line":12,"column":24}},"loc":{"start":{"line":12,"column":68},"end":{"line":15,"column":1}}}},"branchMap":{"0":{"loc":{"start":{"line":12,"column":54},"end":{"line":12,"column":68}},"type":"default-arg","locations":[{"start":{"line":12,"column":63},"end":{"line":12,"column":68}}]},"1":{"loc":{"start":{"line":13,"column":4},"end":{"line":13,"column":41}},"type":"if","locations":[{"start":{"line":13,"column":4},"end":{"line":13,"column":41}}]}},"s":{"0":8,"1":2,"2":1,"3":1},"f":{"0":2},"b":{"0":[2],"1":[1]}}
,"C:\\Users\\shiva\\Documents\\My Study\\nodejs tutorial\\codetrix\\src\\validators\\index.ts": {"path":"C:\\Users\\shiva\\Documents\\My Study\\nodejs tutorial\\codetrix\\src\\validators\\index.ts","statementMap":{"0":{"start":{"line":1,"column":0},"end":{"line":1,"column":26}}},"fnMap":{},"branchMap":{},"s":{"0":1},"f":{},"b":{}}
,"C:\\Users\\shiva\\Documents\\My Study\\nodejs tutorial\\codetrix\\src\\validators\\utility.ts": {"path":"C:\\Users\\shiva\\Documents\\My Study\\nodejs tutorial\\codetrix\\src\\validators\\utility.ts","statementMap":{"0":{"start":{"line":6,"column":0},"end":{"line":6,"column":16}},"1":{"start":{"line":22,"column":0},"end":{"line":22,"column":16}},"2":{"start":{"line":33,"column":0},"end":{"line":33,"column":16}},"3":{"start":{"line":44,"column":0},"end":{"line":44,"column":16}},"4":{"start":{"line":59,"column":0},"end":{"line":59,"column":16}},"5":{"start":{"line":79,"column":0},"end":{"line":79,"column":16}},"6":{"start":{"line":111,"column":0},"end":{"line":111,"column":16}},"7":{"start":{"line":7,"column":4},"end":{"line":7,"column":52}},"8":{"start":{"line":23,"column":4},"end":{"line":23,"column":77}},"9":{"start":{"line":34,"column":4},"end":{"line":34,"column":44}},"10":{"start":{"line":45,"column":4},"end":{"line":45,"column":49}},"11":{"start":{"line":63,"column":45},"end":{"line":67,"column":6}},"12":{"start":{"line":69,"column":4},"end":{"line":69,"column":56}},"13":{"start":{"line":80,"column":22},"end":{"line":80,"column":49}},"14":{"start":{"line":83,"column":4},"end":{"line":83,"column":53}},"15":{"start":{"line":83,"column":40},"end":{"line":83,"column":53}},"16":{"start":{"line":86,"column":4},"end":{"line":86,"column":56}},"17":{"start":{"line":86,"column":43},"end":{"line":86,"column":56}},"18":{"start":{"line":89,"column":14},"end":{"line":89,"column":15}},"19":{"start":{"line":90,"column":23},"end":{"line":90,"column":28}},"20":{"start":{"line":92,"column":4},"end":{"line":100,"column":5}},"21":{"start":{"line":92,"column":17},"end":{"line":92,"column":37}},"22":{"start":{"line":93,"column":20},"end":{"line":93,"column":46}},"23":{"start":{"line":94,"column":8},"end":{"line":97,"column":9}},"24":{"start":{"line":95,"column":12},"end":{"line":95,"column":23}},"25":{"start":{"line":96,"column":12},"end":{"line":96,"column":38}},"26":{"start":{"line":96,"column":27},"end":{"line":96,"column":38}},"27":{"start":{"line":98,"column":8},"end":{"line":98,"column":21}},"28":{"start":{"line":99,"column":8},"end":{"line":99,"column":37}},"29":{"start":{"line":102,"column":4},"end":{"line":102,"column":26}},"30":{"start":{"line":112,"column":20},"end":{"line":112,"column":73}},"31":{"start":{"line":113,"column":4},"end":{"line":113,"column":29}}},"fnMap":{"0":{"name":"isEmail","decl":{"start":{"line":6,"column":16},"end":{"line":6,"column":23}},"loc":{"start":{"line":6,"column":37},"end":{"line":8,"column":1}}},"1":{"name":"isStrongPassword","decl":{"start":{"line":22,"column":16},"end":{"line":22,"column":32}},"loc":{"start":{"line":22,"column":49},"end":{"line":24,"column":1}}},"2":{"name":"isPhoneNumber","decl":{"start":{"line":33,"column":16},"end":{"line":33,"column":29}},"loc":{"start":{"line":33,"column":43},"end":{"line":35,"column":1}}},"3":{"name":"isUsername","decl":{"start":{"line":44,"column":16},"end":{"line":44,"column":26}},"loc":{"start":{"line":44,"column":43},"end":{"line":46,"column":1}}},"4":{"name":"isPostalCode","decl":{"start":{"line":59,"column":16},"end":{"line":59,"column":28}},"loc":{"start":{"line":61,"column":26},"end":{"line":70,"column":1}}},"5":{"name":"isCreditCard","decl":{"start":{"line":79,"column":16},"end":{"line":79,"column":28}},"loc":{"start":{"line":79,"column":42},"end":{"line":103,"column":1}}},"6":{"name":"isURL","decl":{"start":{"line":111,"column":16},"end":{"line":111,"column":21}},"loc":{"start":{"line":111,"column":33},"end":{"line":114,"column":1}}}},"branchMap":{"0":{"loc":{"start":{"line":61,"column":4},"end":{"line":61,"column":26}},"type":"default-arg","locations":[{"start":{"line":61,"column":22},"end":{"line":61,"column":26}}]},"1":{"loc":{"start":{"line":69,"column":11},"end":{"line":69,"column":55}},"type":"cond-expr","locations":[{"start":{"line":69,"column":46},"end":{"line":69,"column":50}},{"start":{"line":69,"column":50},"end":{"line":69,"column":55}}]},"2":{"loc":{"start":{"line":69,"column":11},"end":{"line":69,"column":50}},"type":"binary-expr","locations":[{"start":{"line":69,"column":11},"end":{"line":69,"column":50}},{"start":{"line":69,"column":46},"end":{"line":69,"column":50}}]},"3":{"loc":{"start":{"line":69,"column":11},"end":{"line":69,"column":46}},"type":"cond-expr","locations":[{"start":{"line":69,"column":28},"end":{"line":69,"column":30}},{"start":{"line":69,"column":28},"end":{"line":69,"column":46}}]},"4":{"loc":{"start":{"line":69,"column":11},"end":{"line":69,"column":30}},"type":"binary-expr","locations":[{"start":{"line":69,"column":11},"end":{"line":69,"column":30}},{"start":{"line":69,"column":28},"end":{"line":69,"column":30}}]},"5":{"loc":{"start":{"line":83,"column":4},"end":{"line":83,"column":53}},"type":"if","locations":[{"start":{"line":83,"column":4},"end":{"line":83,"column":53}}]},"6":{"loc":{"start":{"line":86,"column":4},"end":{"line":86,"column":56}},"type":"if","locations":[{"start":{"line":86,"column":4},"end":{"line":86,"column":56}}]},"7":{"loc":{"start":{"line":94,"column":8},"end":{"line":97,"column":9}},"type":"if","locations":[{"start":{"line":94,"column":8},"end":{"line":97,"column":9}}]},"8":{"loc":{"start":{"line":96,"column":12},"end":{"line":96,"column":38}},"type":"if","locations":[{"start":{"line":96,"column":12},"end":{"line":96,"column":38}}]}},"s":{"0":1,"1":1,"2":1,"3":1,"4":1,"5":1,"6":1,"7":4,"8":4,"9":3,"10":4,"11":13,"12":13,"13":9,"14":9,"15":3,"16":6,"17":1,"18":5,"19":5,"20":5,"21":5,"22":80,"23":80,"24":40,"25":40,"26":1,"27":80,"28":80,"29":5,"30":4,"31":4},"f":{"0":4,"1":4,"2":3,"3":4,"4":13,"5":9,"6":4},"b":{"0":[2],"1":[11,2],"2":[13,13],"3":[2,11],"4":[13,13],"5":[3],"6":[1],"7":[40],"8":[1]}}
}
