{"C:\\Users\\shiva\\Documents\\My Study\\nodejs tutorial\\codetrix\\src\\array\\chunk.ts": {"path":"C:\\Users\\shiva\\Documents\\My Study\\nodejs tutorial\\codetrix\\src\\array\\chunk.ts","statementMap":{"0":{"start":{"line":1,"column":0},"end":{"line":1,"column":16}},"1":{"start":{"line":2,"column":4},"end":{"line":2,"column":27}},"2":{"start":{"line":2,"column":17},"end":{"line":2,"column":27}},"3":{"start":{"line":3,"column":26},"end":{"line":3,"column":28}},"4":{"start":{"line":4,"column":4},"end":{"line":6,"column":5}},"5":{"start":{"line":4,"column":14},"end":{"line":4,"column":15}},"6":{"start":{"line":5,"column":7},"end":{"line":5,"column":45}},"7":{"start":{"line":7,"column":4},"end":{"line":7,"column":18}}},"fnMap":{"0":{"name":"chunk","decl":{"start":{"line":1,"column":16},"end":{"line":1,"column":21}},"loc":{"start":{"line":1,"column":47},"end":{"line":8,"column":1}}}},"branchMap":{"0":{"loc":{"start":{"line":2,"column":4},"end":{"line":2,"column":27}},"type":"if","locations":[{"start":{"line":2,"column":4},"end":{"line":2,"column":27}}]}},"s":{"0":1,"1":4,"2":1,"3":3,"4":3,"5":3,"6":3,"7":3},"f":{"0":4},"b":{"0":[1]}}
,"C:\\Users\\shiva\\Documents\\My Study\\nodejs tutorial\\codetrix\\src\\constants\\ascii.ts": {"path":"C:\\Users\\shiva\\Documents\\My Study\\nodejs tutorial\\codetrix\\src\\constants\\ascii.ts","statementMap":{"0":{"start":{"line":1,"column":13},"end":{"line":8,"column":2}},"1":{"start":{"line":10,"column":13},"end":{"line":17,"column":2}}},"fnMap":{},"branchMap":{},"s":{"0":1,"1":1},"f":{},"b":{}}
,"C:\\Users\\shiva\\Documents\\My Study\\nodejs tutorial\\codetrix\\src\\objects\\isEmpty.ts": {"path":"C:\\Users\\shiva\\Documents\\My Study\\nodejs tutorial\\codetrix\\src\\objects\\isEmpty.ts","statementMap":{"0":{"start":{"line":1,"column":0},"end":{"line":1,"column":16}},"1":{"start":{"line":2,"column":2},"end":{"line":2,"column":33}},"2":{"start":{"line":2,"column":21},"end":{"line":2,"column":33}},"3":{"start":{"line":3,"column":2},"end":{"line":3,"column":83}},"4":{"start":{"line":3,"column":57},"end":{"line":3,"column":83}},"5":{"start":{"line":4,"column":2},"end":{"line":4,"column":72}},"6":{"start":{"line":4,"column":33},"end":{"line":4,"column":72}},"7":{"start":{"line":5,"column":2},"end":{"line":5,"column":15}}},"fnMap":{"0":{"name":"isEmpty","decl":{"start":{"line":1,"column":16},"end":{"line":1,"column":23}},"loc":{"start":{"line":1,"column":34},"end":{"line":6,"column":1}}}},"branchMap":{"0":{"loc":{"start":{"line":2,"column":2},"end":{"line":2,"column":33}},"type":"if","locations":[{"start":{"line":2,"column":2},"end":{"line":2,"column":33}}]},"1":{"loc":{"start":{"line":3,"column":2},"end":{"line":3,"column":83}},"type":"if","locations":[{"start":{"line":3,"column":2},"end":{"line":3,"column":83}}]},"2":{"loc":{"start":{"line":3,"column":6},"end":{"line":3,"column":55}},"type":"binary-expr","locations":[{"start":{"line":3,"column":6},"end":{"line":3,"column":31}},{"start":{"line":3,"column":35},"end":{"line":3,"column":55}}]},"3":{"loc":{"start":{"line":4,"column":2},"end":{"line":4,"column":72}},"type":"if","locations":[{"start":{"line":4,"column":2},"end":{"line":4,"column":72}}]}},"s":{"0":1,"1":7,"2":2,"3":5,"4":2,"5":3,"6":1,"7":2},"f":{"0":7},"b":{"0":[2],"1":[2],"2":[5,4],"3":[1]}}
,"C:\\Users\\shiva\\Documents\\My Study\\nodejs tutorial\\codetrix\\src\\string\\capitalize.ts": {"path":"C:\\Users\\shiva\\Documents\\My Study\\nodejs tutorial\\codetrix\\src\\string\\capitalize.ts","statementMap":{"0":{"start":{"line":3,"column":0},"end":{"line":3,"column":16}},"1":{"start":{"line":1,"column":0},"end":{"line":1,"column":54}},"2":{"start":{"line":4,"column":4},"end":{"line":4,"column":38}},"3":{"start":{"line":4,"column":28},"end":{"line":4,"column":38}},"4":{"start":{"line":5,"column":17},"end":{"line":5,"column":19}},"5":{"start":{"line":6,"column":22},"end":{"line":6,"column":28}},"6":{"start":{"line":7,"column":22},"end":{"line":7,"column":62}},"7":{"start":{"line":8,"column":4},"end":{"line":8,"column":24}},"8":{"start":{"line":9,"column":12},"end":{"line":9,"column":13}},"9":{"start":{"line":10,"column":4},"end":{"line":13,"column":5}},"10":{"start":{"line":11,"column":8},"end":{"line":11,"column":25}},"11":{"start":{"line":12,"column":8},"end":{"line":12,"column":12}},"12":{"start":{"line":14,"column":4},"end":{"line":14,"column":18}}},"fnMap":{"0":{"name":"capitalize","decl":{"start":{"line":3,"column":16},"end":{"line":3,"column":26}},"loc":{"start":{"line":3,"column":38},"end":{"line":16,"column":1}}}},"branchMap":{"0":{"loc":{"start":{"line":4,"column":4},"end":{"line":4,"column":38}},"type":"if","locations":[{"start":{"line":4,"column":4},"end":{"line":4,"column":38}}]},"1":{"loc":{"start":{"line":4,"column":8},"end":{"line":4,"column":26}},"type":"binary-expr","locations":[{"start":{"line":4,"column":8},"end":{"line":4,"column":12}},{"start":{"line":4,"column":16},"end":{"line":4,"column":26}}]},"2":{"loc":{"start":{"line":7,"column":22},"end":{"line":7,"column":62}},"type":"binary-expr","locations":[{"start":{"line":7,"column":22},"end":{"line":7,"column":49}},{"start":{"line":7,"column":53},"end":{"line":7,"column":62}}]}},"s":{"0":1,"1":1,"2":6,"3":1,"4":5,"5":5,"6":5,"7":5,"8":5,"9":5,"10":13,"11":13,"12":5},"f":{"0":6},"b":{"0":[1],"1":[6,5],"2":[5,3]}}
}
