TN:
SF:src\array\compact.ts
FN:12,compact
FNF:1
FNH:1
FNDA:1,compact
DA:12,6
DA:13,1
LF:2
LH:2
BRF:0
BRH:0
end_of_record
TN:
SF:src\array\difference.ts
FN:13,difference
FN:15,(anonymous_1)
FNF:2
FNH:2
FNDA:1,difference
FNDA:3,(anonymous_1)
DA:13,6
DA:14,1
DA:15,3
LF:3
LH:3
BRF:0
BRH:0
end_of_record
TN:
SF:src\array\flatten.ts
FN:12,flatten
FN:14,(anonymous_1)
FNF:2
FNH:2
FNDA:4,flatten
FNDA:7,(anonymous_1)
DA:12,6
DA:13,4
DA:14,7
LF:3
LH:3
BRDA:14,0,0,3
BRDA:14,0,1,4
BRF:2
BRH:2
end_of_record
TN:
SF:src\array\index.ts
FNF:0
FNH:0
DA:1,6
DA:2,6
DA:3,6
DA:4,6
DA:5,6
DA:6,6
LF:6
LH:6
BRF:0
BRH:0
end_of_record
TN:
SF:src\array\intersect.ts
FN:12,intersect
FN:14,(anonymous_1)
FN:14,(anonymous_2)
FNF:3
FNH:3
FNDA:5,intersect
FNDA:5,(anonymous_1)
FNDA:9,(anonymous_2)
DA:12,6
DA:13,5
DA:14,9
LF:3
LH:3
BRDA:13,0,0,1
BRF:1
BRH:1
end_of_record
TN:
SF:src\array\shuffle.ts
FN:12,shuffle
FNF:1
FNH:1
FNDA:1,shuffle
DA:12,6
DA:13,1
DA:14,1
DA:15,3
DA:16,3
DA:18,1
LF:6
LH:6
BRF:0
BRH:0
end_of_record
TN:
SF:src\array\unique.ts
FN:12,unique
FNF:1
FNH:1
FNDA:1,unique
DA:12,6
DA:13,1
LF:2
LH:2
BRF:0
BRH:0
end_of_record
TN:
SF:src\date\format.ts
FN:12,formatDate
FN:30,formatRelative
FNF:2
FNH:2
FNDA:2,formatDate
FNDA:5,formatRelative
DA:12,5
DA:13,2
DA:14,2
DA:15,2
DA:16,2
DA:30,5
DA:31,5
DA:32,5
DA:33,5
DA:35,5
DA:36,5
DA:38,5
DA:39,4
DA:40,3
DA:41,2
DA:42,1
LF:16
LH:16
BRDA:12,0,0,1
BRDA:38,1,0,1
BRDA:39,2,0,1
BRDA:40,3,0,1
BRDA:41,4,0,1
BRF:5
BRH:5
end_of_record
TN:
SF:src\date\get.ts
FN:12,getDay
FN:25,getMonth
FN:38,getYear
FN:51,getWeekNumber
FN:74,getDaysInMonth
FN:90,getTimeParts
FNF:6
FNH:6
FNDA:1,getDay
FNDA:1,getMonth
FNDA:1,getYear
FNDA:3,getWeekNumber
FNDA:2,getDaysInMonth
FNDA:1,getTimeParts
DA:12,5
DA:13,1
DA:25,5
DA:26,1
DA:38,5
DA:39,1
DA:51,5
DA:52,3
DA:53,3
DA:54,3
DA:55,3
DA:56,3
DA:74,5
DA:75,2
DA:76,2
DA:77,2
DA:90,5
DA:91,1
LF:18
LH:18
BRF:0
BRH:0
end_of_record
TN:
SF:src\date\index.ts
FNF:0
FNH:0
DA:1,5
DA:2,5
DA:3,5
DA:4,5
DA:5,5
LF:5
LH:5
BRF:0
BRH:0
end_of_record
TN:
SF:src\date\is.ts
FN:11,isAfter
FN:25,isBefore
FN:39,isSameDay
FN:56,isWeekend
FN:70,isLeapYear
FNF:5
FNH:5
FNDA:2,isAfter
FNDA:2,isBefore
FNDA:2,isSameDay
FNDA:2,isWeekend
FNDA:2,isLeapYear
DA:11,5
DA:12,2
DA:25,5
DA:26,2
DA:39,5
DA:40,2
DA:56,5
DA:57,2
DA:58,2
DA:70,5
DA:71,2
LF:11
LH:11
BRDA:41,0,0,2
BRDA:41,0,1,2
BRDA:41,0,2,2
BRDA:58,1,0,2
BRDA:58,1,1,1
BRDA:71,2,0,2
BRDA:71,2,1,1
BRDA:71,2,2,1
BRF:8
BRH:8
end_of_record
TN:
SF:src\date\set.ts
FN:11,setYear
FN:27,setMonth
FN:43,setDay
FN:62,setTime
FN:83,setToStartOfDay
FNF:5
FNH:5
FNDA:1,setYear
FNDA:1,setMonth
FNDA:1,setDay
FNDA:5,setTime
FNDA:1,setToStartOfDay
DA:11,5
DA:12,1
DA:13,1
DA:14,1
DA:27,5
DA:28,1
DA:29,1
DA:30,1
DA:43,5
DA:44,1
DA:45,1
DA:46,1
DA:62,5
DA:69,5
DA:70,5
DA:71,5
DA:83,5
DA:84,1
DA:85,1
DA:86,1
LF:20
LH:20
BRDA:64,0,0,1
BRDA:65,1,0,2
BRDA:66,2,0,3
BRDA:67,3,0,4
BRF:4
BRH:4
end_of_record
TN:
SF:src\date\utils.ts
FN:10,cloneDate
FN:24,daysBetween
FN:39,toISODate
FN:53,addDays
FN:69,subDays
FNF:5
FNH:5
FNDA:1,cloneDate
FNDA:1,daysBetween
FNDA:1,toISODate
FNDA:1,addDays
FNDA:1,subDays
DA:10,5
DA:11,1
DA:24,5
DA:25,1
DA:26,1
DA:27,1
DA:39,5
DA:40,1
DA:53,5
DA:54,1
DA:55,1
DA:56,1
DA:69,5
DA:70,1
DA:71,1
DA:72,1
LF:16
LH:16
BRF:0
BRH:0
end_of_record
TN:
SF:src\number\clamp.ts
FN:13,clamp
FNF:1
FNH:1
FNDA:3,clamp
DA:13,6
DA:14,3
LF:2
LH:2
BRF:0
BRH:0
end_of_record
TN:
SF:src\number\index.ts
FNF:0
FNH:0
DA:1,6
DA:2,6
DA:3,6
DA:4,6
DA:5,6
DA:6,6
DA:7,6
LF:7
LH:7
BRF:0
BRH:0
end_of_record
TN:
SF:src\number\isEven.ts
FN:11,isEven
FNF:1
FNH:1
FNDA:3,isEven
DA:11,6
DA:12,3
LF:2
LH:2
BRF:0
BRH:0
end_of_record
TN:
SF:src\number\isOdd.ts
FN:11,isOdd
FNF:1
FNH:1
FNDA:2,isOdd
DA:11,6
DA:12,2
LF:2
LH:2
BRF:0
BRH:0
end_of_record
TN:
SF:src\number\isPrime.ts
FN:11,isPrime
FNF:1
FNH:1
FNDA:7,isPrime
DA:11,6
DA:12,7
DA:13,5
DA:14,5
DA:16,3
LF:5
LH:5
BRDA:12,0,0,2
BRDA:14,1,0,2
BRF:2
BRH:2
end_of_record
TN:
SF:src\number\percentage.ts
FN:12,percentage
FNF:1
FNH:1
FNDA:3,percentage
DA:12,6
DA:13,3
DA:14,2
LF:3
LH:3
BRDA:13,0,0,1
BRF:1
BRH:1
end_of_record
TN:
SF:src\number\random.ts
FN:12,random
FN:26,randomInt
FN:40,randomByDigits
FNF:3
FNH:3
FNDA:3,random
FNDA:10,randomInt
FNDA:3,randomByDigits
DA:12,6
DA:13,3
DA:26,6
DA:27,10
DA:40,6
DA:41,3
DA:42,2
DA:45,1
DA:46,1
DA:48,1
LF:10
LH:10
BRDA:12,0,0,1
BRDA:12,1,0,1
BRDA:41,2,0,2
BRF:3
BRH:3
end_of_record
TN:
SF:src\number\roundTo.ts
FN:11,roundTo
FNF:1
FNH:1
FNDA:4,roundTo
DA:11,6
DA:12,4
DA:13,4
LF:3
LH:3
BRDA:11,0,0,1
BRF:1
BRH:1
end_of_record
TN:
SF:src\objects\deepClone.ts
FN:11,deepClone
FNF:1
FNH:1
FNDA:1,deepClone
DA:11,5
DA:12,1
LF:2
LH:2
BRF:0
BRH:0
end_of_record
TN:
SF:src\objects\getNested.ts
FN:13,getNested
FN:14,(anonymous_1)
FNF:2
FNH:2
FNDA:2,getNested
FNDA:6,(anonymous_1)
DA:13,5
DA:14,6
LF:2
LH:2
BRDA:14,0,0,1
BRDA:14,0,1,1
BRDA:14,1,0,2
BRDA:14,1,1,2
BRDA:14,2,0,1
BRDA:14,2,1,5
BRDA:14,3,0,6
BRDA:14,3,1,6
BRF:8
BRH:8
end_of_record
TN:
SF:src\objects\index.ts
FNF:0
FNH:0
DA:1,5
DA:2,5
DA:3,5
DA:4,5
DA:5,5
DA:6,5
LF:6
LH:6
BRF:0
BRH:0
end_of_record
TN:
SF:src\objects\isEmpty.ts
FN:14,isEmpty
FNF:1
FNH:1
FNDA:11,isEmpty
DA:14,6
DA:15,11
DA:17,9
DA:18,2
DA:21,7
DA:22,4
DA:25,3
DA:26,1
DA:29,2
LF:9
LH:9
BRDA:15,0,0,2
BRDA:17,1,0,2
BRDA:17,2,0,9
BRDA:17,2,1,8
BRDA:21,3,0,4
BRDA:21,4,0,7
BRDA:21,4,1,5
BRDA:25,5,0,1
BRF:8
BRH:8
end_of_record
TN:
SF:src\objects\mergeObjects.ts
FN:10,mergeObjects
FN:11,(anonymous_1)
FNF:2
FNH:2
FNDA:2,mergeObjects
FNDA:4,(anonymous_1)
DA:10,5
DA:11,2
DA:12,4
DA:13,4
DA:14,4
DA:20,0
DA:22,4
DA:26,4
LF:8
LH:7
BRDA:13,0,0,4
BRDA:14,1,0,0
BRDA:14,1,1,4
BRDA:15,2,0,4
BRDA:15,2,1,0
BRDA:15,2,2,0
BRDA:15,2,3,0
BRF:7
BRH:3
end_of_record
TN:
SF:src\objects\omit.ts
FN:11,omit
FNF:1
FNH:1
FNDA:1,omit
DA:11,5
DA:12,1
DA:13,1
DA:14,1
DA:16,1
LF:5
LH:5
BRF:0
BRH:0
end_of_record
TN:
SF:src\objects\pick.ts
FN:11,pick
FNF:1
FNH:1
FNDA:1,pick
DA:11,5
DA:12,1
DA:13,1
DA:14,2
DA:15,2
DA:18,1
LF:6
LH:6
BRDA:14,0,0,2
BRF:1
BRH:1
end_of_record
TN:
SF:src\string\camelCase.ts
FN:10,camelCase
FN:12,(anonymous_1)
FN:13,(anonymous_2)
FNF:3
FNH:3
FNDA:5,camelCase
FNDA:5,(anonymous_1)
FNDA:1,(anonymous_2)
DA:10,8
DA:11,5
DA:12,5
DA:13,1
LF:4
LH:4
BRDA:12,0,0,4
BRDA:12,0,1,1
BRF:2
BRH:2
end_of_record
TN:
SF:src\string\capitalize.ts
FN:10,capitalize
FNF:1
FNH:1
FNDA:3,capitalize
DA:10,8
DA:11,3
DA:12,2
LF:3
LH:3
BRDA:11,0,0,1
BRF:1
BRH:1
end_of_record
TN:
SF:src\string\countOccurrences.ts
FN:11,countOccurrence
FNF:1
FNH:1
FNDA:2,countOccurrence
DA:11,8
DA:12,2
LF:2
LH:2
BRF:0
BRH:0
end_of_record
TN:
SF:src\string\index.ts
FNF:0
FNH:0
DA:1,8
DA:2,8
DA:3,8
DA:4,8
DA:5,8
DA:6,8
DA:7,8
DA:8,8
LF:8
LH:8
BRF:0
BRH:0
end_of_record
TN:
SF:src\string\kebabCase.ts
FN:10,kebabCase
FNF:1
FNH:1
FNDA:3,kebabCase
DA:10,8
DA:11,3
LF:2
LH:2
BRF:0
BRH:0
end_of_record
TN:
SF:src\string\removeNonAlpha.ts
FN:10,removeNonAlpha
FNF:1
FNH:1
FNDA:1,removeNonAlpha
DA:10,8
DA:11,1
LF:2
LH:2
BRF:0
BRH:0
end_of_record
TN:
SF:src\string\reverseString.ts
FN:10,reverseString
FNF:1
FNH:1
FNDA:1,reverseString
DA:10,8
DA:11,1
LF:2
LH:2
BRF:0
BRH:0
end_of_record
TN:
SF:src\string\snakeCase.ts
FN:10,snakeCase
FNF:1
FNH:1
FNDA:3,snakeCase
DA:10,8
DA:11,3
LF:2
LH:2
BRF:0
BRH:0
end_of_record
TN:
SF:src\string\truncate.ts
FN:12,truncate
FNF:1
FNH:1
FNDA:2,truncate
DA:12,8
DA:13,2
DA:14,1
LF:3
LH:3
BRDA:12,0,0,2
BRDA:13,1,0,1
BRF:2
BRH:2
end_of_record
TN:
SF:src\validators\index.ts
FNF:0
FNH:0
DA:1,1
LF:1
LH:1
BRF:0
BRH:0
end_of_record
TN:
SF:src\validators\utility.ts
FN:6,isEmail
FN:22,isStrongPassword
FN:33,isPhoneNumber
FN:44,isUsername
FN:59,isPostalCode
FN:79,isCreditCard
FN:111,isURL
FNF:7
FNH:7
FNDA:4,isEmail
FNDA:4,isStrongPassword
FNDA:3,isPhoneNumber
FNDA:4,isUsername
FNDA:13,isPostalCode
FNDA:9,isCreditCard
FNDA:4,isURL
DA:6,1
DA:7,4
DA:22,1
DA:23,4
DA:33,1
DA:34,3
DA:44,1
DA:45,4
DA:59,1
DA:63,13
DA:69,13
DA:79,1
DA:80,9
DA:83,9
DA:86,6
DA:89,5
DA:90,5
DA:92,5
DA:93,80
DA:94,80
DA:95,40
DA:96,40
DA:98,80
DA:99,80
DA:102,5
DA:111,1
DA:112,4
DA:113,4
LF:28
LH:28
BRDA:61,0,0,2
BRDA:69,1,0,11
BRDA:69,1,1,2
BRDA:69,2,0,13
BRDA:69,2,1,13
BRDA:69,3,0,2
BRDA:69,3,1,11
BRDA:69,4,0,13
BRDA:69,4,1,13
BRDA:83,5,0,3
BRDA:86,6,0,1
BRDA:94,7,0,40
BRDA:96,8,0,1
BRF:13
BRH:13
end_of_record
