TN:
SF:src\array\chunk.ts
FN:1,chunk
FNF:1
FNH:1
FNDA:4,chunk
DA:1,1
DA:2,4
DA:3,3
DA:4,3
DA:5,3
DA:7,3
LF:6
LH:6
BRDA:2,0,0,1
BRF:1
BRH:1
end_of_record
TN:
SF:src\constants\ascii.ts
FNF:0
FNH:0
DA:1,1
DA:10,1
LF:2
LH:2
BRF:0
BRH:0
end_of_record
TN:
SF:src\objects\isEmpty.ts
FN:1,isEmpty
FNF:1
FNH:1
FNDA:7,isEmpty
DA:1,1
DA:2,7
DA:3,5
DA:4,3
DA:5,2
LF:5
LH:5
BRDA:2,0,0,2
BRDA:3,1,0,2
BRDA:3,2,0,5
BRDA:3,2,1,4
BRDA:4,3,0,1
BRF:5
BRH:5
end_of_record
TN:
SF:src\string\capitalize.ts
FN:3,capitalize
FNF:1
FNH:1
FNDA:6,capitalize
DA:1,1
DA:3,1
DA:4,6
DA:5,5
DA:6,5
DA:7,5
DA:8,5
DA:9,5
DA:10,5
DA:11,13
DA:12,13
DA:14,5
LF:12
LH:12
BRDA:4,0,0,1
BRDA:4,1,0,6
BRDA:4,1,1,5
BRDA:7,2,0,5
BRDA:7,2,1,3
BRF:5
BRH:5
end_of_record
