TN:
SF:src\array\compact.ts
FN:12,compact
FNF:1
FNH:1
FNDA:1,compact
DA:12,6
DA:13,1
LF:2
LH:2
BRF:0
BRH:0
end_of_record
TN:
SF:src\array\difference.ts
FN:13,difference
FN:15,(anonymous_1)
FNF:2
FNH:2
FNDA:1,difference
FNDA:3,(anonymous_1)
DA:13,6
DA:14,1
DA:15,3
LF:3
LH:3
BRF:0
BRH:0
end_of_record
TN:
SF:src\array\flatten.ts
FN:12,flatten
FN:14,(anonymous_1)
FNF:2
FNH:2
FNDA:4,flatten
FNDA:7,(anonymous_1)
DA:12,6
DA:13,4
DA:14,7
LF:3
LH:3
BRDA:14,0,0,3
BRDA:14,0,1,4
BRF:2
BRH:2
end_of_record
TN:
SF:src\array\index.ts
FNF:0
FNH:0
DA:1,6
DA:2,6
DA:3,6
DA:4,6
DA:5,6
DA:6,6
LF:6
LH:6
BRF:0
BRH:0
end_of_record
TN:
SF:src\array\intersect.ts
FN:12,intersect
FN:14,(anonymous_1)
FN:14,(anonymous_2)
FNF:3
FNH:3
FNDA:5,intersect
FNDA:5,(anonymous_1)
FNDA:9,(anonymous_2)
DA:12,6
DA:13,5
DA:14,9
LF:3
LH:3
BRDA:13,0,0,1
BRF:1
BRH:1
end_of_record
TN:
SF:src\array\shuffle.ts
FN:12,shuffle
FNF:1
FNH:1
FNDA:1,shuffle
DA:12,6
DA:13,1
DA:14,1
DA:15,3
DA:16,3
DA:18,1
LF:6
LH:6
BRF:0
BRH:0
end_of_record
TN:
SF:src\array\unique.ts
FN:12,unique
FNF:1
FNH:1
FNDA:1,unique
DA:12,6
DA:13,1
LF:2
LH:2
BRF:0
BRH:0
end_of_record
TN:
SF:src\date\format.ts
FN:12,formatDate
FN:30,formatRelative
FNF:2
FNH:2
FNDA:2,formatDate
FNDA:5,formatRelative
DA:12,5
DA:13,2
DA:14,2
DA:15,2
DA:16,2
DA:30,5
DA:31,5
DA:32,5
DA:33,5
DA:35,5
DA:36,5
DA:38,5
DA:39,4
DA:40,3
DA:41,2
DA:42,1
LF:16
LH:16
BRDA:12,0,0,1
BRDA:38,1,0,1
BRDA:39,2,0,1
BRDA:40,3,0,1
BRDA:41,4,0,1
BRF:5
BRH:5
end_of_record
TN:
SF:src\date\get.ts
FN:12,getDay
FN:25,getMonth
FN:38,getYear
FN:51,getWeekNumber
FN:74,getDaysInMonth
FN:90,getTimeParts
FNF:6
FNH:6
FNDA:1,getDay
FNDA:1,getMonth
FNDA:1,getYear
FNDA:3,getWeekNumber
FNDA:2,getDaysInMonth
FNDA:1,getTimeParts
DA:12,5
DA:13,1
DA:25,5
DA:26,1
DA:38,5
DA:39,1
DA:51,5
DA:52,3
DA:53,3
DA:54,3
DA:55,3
DA:56,3
DA:74,5
DA:75,2
DA:76,2
DA:77,2
DA:90,5
DA:91,1
LF:18
LH:18
BRF:0
BRH:0
end_of_record
TN:
SF:src\date\index.ts
FNF:0
FNH:0
DA:1,5
DA:2,5
DA:3,5
DA:4,5
DA:5,5
LF:5
LH:5
BRF:0
BRH:0
end_of_record
TN:
SF:src\date\is.ts
FN:11,isAfter
FN:25,isBefore
FN:39,isSameDay
FN:56,isWeekend
FN:70,isLeapYear
FNF:5
FNH:5
FNDA:2,isAfter
FNDA:2,isBefore
FNDA:2,isSameDay
FNDA:2,isWeekend
FNDA:2,isLeapYear
DA:11,5
DA:12,2
DA:25,5
DA:26,2
DA:39,5
DA:40,2
DA:56,5
DA:57,2
DA:58,2
DA:70,5
DA:71,2
LF:11
LH:11
BRDA:41,0,0,2
BRDA:41,0,1,2
BRDA:41,0,2,2
BRDA:58,1,0,2
BRDA:58,1,1,1
BRDA:71,2,0,2
BRDA:71,2,1,1
BRDA:71,2,2,1
BRF:8
BRH:8
end_of_record
TN:
SF:src\date\set.ts
FN:11,setYear
FN:27,setMonth
FN:43,setDay
FN:62,setTime
FN:83,setToStartOfDay
FNF:5
FNH:5
FNDA:1,setYear
FNDA:1,setMonth
FNDA:1,setDay
FNDA:5,setTime
FNDA:1,setToStartOfDay
DA:11,5
DA:12,1
DA:13,1
DA:14,1
DA:27,5
DA:28,1
DA:29,1
DA:30,1
DA:43,5
DA:44,1
DA:45,1
DA:46,1
DA:62,5
DA:69,5
DA:70,5
DA:71,5
DA:83,5
DA:84,1
DA:85,1
DA:86,1
LF:20
LH:20
BRDA:64,0,0,1
BRDA:65,1,0,2
BRDA:66,2,0,3
BRDA:67,3,0,4
BRF:4
BRH:4
end_of_record
TN:
SF:src\date\utils.ts
FN:10,cloneDate
FN:24,daysBetween
FN:39,toISODate
FN:53,addDays
FN:69,subDays
FNF:5
FNH:5
FNDA:1,cloneDate
FNDA:1,daysBetween
FNDA:1,toISODate
FNDA:1,addDays
FNDA:1,subDays
DA:10,5
DA:11,1
DA:24,5
DA:25,1
DA:26,1
DA:27,1
DA:39,5
DA:40,1
DA:53,5
DA:54,1
DA:55,1
DA:56,1
DA:69,5
DA:70,1
DA:71,1
DA:72,1
LF:16
LH:16
BRF:0
BRH:0
end_of_record
TN:
SF:src\formUtils\error-messages.ts
FN:9,getBuiltInErrorMessage
FN:34,getCustomErrorMessage
FN:57,getFirstErrorMessage
FN:71,getAllErrorMessages
FNF:4
FNH:4
FNDA:15,getBuiltInErrorMessage
FNDA:13,getCustomErrorMessage
FNDA:7,getFirstErrorMessage
FNDA:2,getAllErrorMessages
DA:9,6
DA:13,15
DA:15,13
DA:16,10
DA:17,9
DA:18,7
DA:19,6
DA:20,5
DA:21,4
DA:23,3
DA:34,6
DA:38,13
DA:40,9
DA:41,2
DA:42,7
DA:43,6
DA:44,5
DA:45,2
DA:47,1
DA:57,6
DA:61,7
DA:71,6
DA:75,2
DA:77,2
DA:78,4
DA:79,4
DA:80,4
DA:83,2
LF:28
LH:28
BRDA:11,0,0,1
BRDA:13,1,0,2
BRDA:15,2,0,3
BRDA:16,3,0,1
BRDA:17,4,0,2
BRDA:18,5,0,1
BRDA:19,6,0,1
BRDA:20,7,0,1
BRDA:21,8,0,1
BRDA:36,9,0,3
BRDA:38,10,0,4
BRDA:40,11,0,2
BRDA:42,12,0,1
BRDA:43,13,0,1
BRDA:44,14,0,3
BRDA:45,15,0,1
BRDA:59,16,0,1
BRDA:61,17,0,7
BRDA:61,17,1,4
BRDA:73,18,0,1
BRDA:80,19,0,4
BRF:21
BRH:21
end_of_record
TN:
SF:src\formUtils\form-helpers.ts
FN:7,isFormDirty
FN:8,(anonymous_1)
FN:17,isFormValid
FN:18,(anonymous_3)
FN:27,resetFormFields
FN:28,(anonymous_5)
FN:40,touchAllFields
FN:41,(anonymous_7)
FN:51,untouchAllFields
FN:52,(anonymous_9)
FNF:10
FNH:10
FNDA:2,isFormDirty
FNDA:3,(anonymous_1)
FNDA:2,isFormValid
FNDA:4,(anonymous_3)
FNDA:1,resetFormFields
FNDA:2,(anonymous_5)
FNDA:1,touchAllFields
FNDA:2,(anonymous_7)
FNDA:1,untouchAllFields
FNDA:2,(anonymous_9)
DA:7,6
DA:8,3
DA:17,6
DA:18,4
DA:27,6
DA:28,1
DA:29,2
DA:30,2
DA:31,2
DA:40,6
DA:41,1
DA:42,2
DA:51,6
DA:52,1
DA:53,2
LF:15
LH:15
BRF:0
BRH:0
end_of_record
TN:
SF:src\formUtils\form-parser.ts
FN:15,extractFormValues
FN:17,(anonymous_1)
FN:36,trimFormValues
FN:38,(anonymous_3)
FNF:4
FNH:4
FNDA:3,extractFormValues
FNDA:5,(anonymous_1)
FNDA:3,trimFormValues
FNDA:6,(anonymous_3)
DA:15,6
DA:16,3
DA:17,3
DA:18,5
DA:20,3
DA:36,6
DA:37,3
DA:38,3
DA:39,6
DA:41,3
LF:10
LH:10
BRDA:39,0,0,2
BRDA:39,0,1,4
BRF:2
BRH:2
end_of_record
TN:
SF:src\formUtils\form-state.ts
FN:8,setFieldValue
FN:22,getFieldValue
FN:33,setFieldTouched
FNF:3
FNH:3
FNDA:2,setFieldValue
FNDA:2,getFieldValue
FNDA:2,setFieldTouched
DA:8,6
DA:9,2
DA:10,1
DA:11,1
DA:22,6
DA:23,2
DA:33,6
DA:34,2
DA:35,1
LF:9
LH:9
BRDA:9,0,0,1
BRDA:23,1,0,1
BRDA:23,1,1,1
BRDA:23,2,0,2
BRDA:23,2,1,2
BRDA:23,3,0,1
BRDA:23,3,1,1
BRDA:23,4,0,2
BRDA:23,4,1,2
BRDA:34,5,0,1
BRF:10
BRH:10
end_of_record
TN:
SF:src\formUtils\index.ts
FNF:0
FNH:0
DA:1,6
DA:2,6
DA:3,6
DA:4,6
DA:5,6
DA:6,6
LF:6
LH:6
BRF:0
BRH:0
end_of_record
TN:
SF:src\formUtils\utility.ts
FN:6,isEmail
FN:22,isStrongPassword
FN:33,isPhoneNumber
FN:44,isUsername
FN:59,isPostalCode
FN:79,isCreditCard
FN:111,isURL
FNF:7
FNH:7
FNDA:4,isEmail
FNDA:4,isStrongPassword
FNDA:3,isPhoneNumber
FNDA:4,isUsername
FNDA:13,isPostalCode
FNDA:9,isCreditCard
FNDA:4,isURL
DA:6,6
DA:7,4
DA:22,6
DA:23,4
DA:33,6
DA:34,3
DA:44,6
DA:45,4
DA:59,6
DA:63,13
DA:69,13
DA:79,6
DA:80,9
DA:83,9
DA:86,6
DA:89,5
DA:90,5
DA:92,5
DA:93,80
DA:94,80
DA:95,40
DA:96,40
DA:98,80
DA:99,80
DA:102,5
DA:111,6
DA:112,4
DA:113,4
LF:28
LH:28
BRDA:61,0,0,2
BRDA:69,1,0,11
BRDA:69,1,1,2
BRDA:69,2,0,13
BRDA:69,2,1,13
BRDA:69,3,0,2
BRDA:69,3,1,11
BRDA:69,4,0,13
BRDA:69,4,1,13
BRDA:83,5,0,3
BRDA:86,6,0,1
BRDA:94,7,0,40
BRDA:96,8,0,1
BRF:13
BRH:13
end_of_record
TN:
SF:src\formUtils\validators.ts
FN:8,isRequired
FN:19,minLength
FN:30,maxLength
FN:41,matchesPattern
FN:51,isNumeric
FN:63,isEqual
FNF:6
FNH:6
FNDA:6,isRequired
FNDA:6,minLength
FNDA:5,maxLength
FNDA:2,matchesPattern
FNDA:3,isNumeric
FNDA:4,isEqual
DA:8,6
DA:9,6
DA:19,6
DA:20,6
DA:30,6
DA:31,5
DA:41,6
DA:42,2
DA:51,6
DA:52,3
DA:63,6
DA:64,4
LF:12
LH:12
BRDA:9,0,0,6
BRDA:9,0,1,5
BRDA:9,0,2,4
BRDA:20,1,0,2
BRDA:20,1,1,4
BRDA:20,2,0,6
BRDA:20,2,1,5
BRDA:31,3,0,2
BRDA:31,3,1,3
BRDA:31,4,0,5
BRDA:31,4,1,4
BRF:11
BRH:11
end_of_record
TN:
SF:src\number\clamp.ts
FN:13,clamp
FNF:1
FNH:1
FNDA:3,clamp
DA:13,7
DA:14,3
LF:2
LH:2
BRF:0
BRH:0
end_of_record
TN:
SF:src\number\degree.ts
FN:7,radiansToDegrees
FN:17,degreesToRadians
FN:28,degToRad
FN:39,radToDeg
FN:49,normalizeDegrees
FN:60,angleDifference
FN:73,isAngleBetween
FNF:7
FNH:7
FNDA:3,radiansToDegrees
FNDA:3,degreesToRadians
FNDA:2,degToRad
FNDA:2,radToDeg
FNDA:54,normalizeDegrees
FNDA:5,angleDifference
FNDA:12,isAngleBetween
DA:7,7
DA:8,3
DA:17,7
DA:18,3
DA:28,7
DA:29,2
DA:39,7
DA:40,2
DA:49,7
DA:50,54
DA:60,7
DA:61,5
DA:62,5
DA:73,7
DA:74,12
DA:75,12
DA:76,12
DA:78,12
DA:79,7
LF:19
LH:19
BRDA:62,0,0,1
BRDA:62,0,1,4
BRDA:78,1,0,5
BRDA:78,2,0,5
BRDA:78,2,1,4
BRDA:79,3,0,7
BRDA:79,3,1,4
BRF:7
BRH:7
end_of_record
TN:
SF:src\number\index.ts
FNF:0
FNH:0
DA:1,7
DA:2,7
DA:3,7
DA:4,7
DA:5,7
DA:6,7
DA:7,7
DA:8,7
LF:8
LH:8
BRF:0
BRH:0
end_of_record
TN:
SF:src\number\isEven.ts
FN:11,isEven
FNF:1
FNH:1
FNDA:3,isEven
DA:11,7
DA:12,3
LF:2
LH:2
BRF:0
BRH:0
end_of_record
TN:
SF:src\number\isOdd.ts
FN:11,isOdd
FNF:1
FNH:1
FNDA:2,isOdd
DA:11,7
DA:12,2
LF:2
LH:2
BRF:0
BRH:0
end_of_record
TN:
SF:src\number\isPrime.ts
FN:11,isPrime
FNF:1
FNH:1
FNDA:7,isPrime
DA:11,7
DA:12,7
DA:13,5
DA:14,5
DA:16,3
LF:5
LH:5
BRDA:12,0,0,2
BRDA:14,1,0,2
BRF:2
BRH:2
end_of_record
TN:
SF:src\number\percentage.ts
FN:12,percentage
FNF:1
FNH:1
FNDA:3,percentage
DA:12,7
DA:13,3
DA:14,2
LF:3
LH:3
BRDA:13,0,0,1
BRF:1
BRH:1
end_of_record
TN:
SF:src\number\random.ts
FN:12,random
FN:26,randomInt
FN:40,randomByDigits
FNF:3
FNH:3
FNDA:3,random
FNDA:10,randomInt
FNDA:3,randomByDigits
DA:12,7
DA:13,3
DA:26,7
DA:27,10
DA:40,7
DA:41,3
DA:42,2
DA:45,1
DA:46,1
DA:48,1
LF:10
LH:10
BRDA:12,0,0,1
BRDA:12,1,0,1
BRDA:41,2,0,2
BRF:3
BRH:3
end_of_record
TN:
SF:src\number\roundTo.ts
FN:11,roundTo
FNF:1
FNH:1
FNDA:4,roundTo
DA:11,7
DA:12,4
DA:13,4
LF:3
LH:3
BRDA:11,0,0,1
BRF:1
BRH:1
end_of_record
TN:
SF:src\objects\deepClone.ts
FN:11,deepClone
FNF:1
FNH:1
FNDA:1,deepClone
DA:11,6
DA:12,1
LF:2
LH:2
BRF:0
BRH:0
end_of_record
TN:
SF:src\objects\getNested.ts
FN:13,getNested
FN:14,(anonymous_1)
FNF:2
FNH:2
FNDA:2,getNested
FNDA:6,(anonymous_1)
DA:13,6
DA:14,6
LF:2
LH:2
BRDA:14,0,0,1
BRDA:14,0,1,1
BRDA:14,1,0,2
BRDA:14,1,1,2
BRDA:14,2,0,1
BRDA:14,2,1,5
BRDA:14,3,0,6
BRDA:14,3,1,6
BRF:8
BRH:8
end_of_record
TN:
SF:src\objects\index.ts
FNF:0
FNH:0
DA:1,6
DA:2,6
DA:3,6
DA:4,6
DA:5,6
DA:6,6
LF:6
LH:6
BRF:0
BRH:0
end_of_record
TN:
SF:src\objects\isEmpty.ts
FN:14,isEmpty
FNF:1
FNH:1
FNDA:18,isEmpty
DA:14,7
DA:15,18
DA:17,16
DA:18,6
DA:21,10
DA:22,5
DA:25,5
DA:26,3
DA:29,2
LF:9
LH:9
BRDA:15,0,0,2
BRDA:17,1,0,6
BRDA:17,2,0,16
BRDA:17,2,1,13
BRDA:21,3,0,5
BRDA:21,4,0,10
BRDA:21,4,1,7
BRDA:25,5,0,3
BRF:8
BRH:8
end_of_record
TN:
SF:src\objects\mergeObjects.ts
FN:10,mergeObjects
FN:11,(anonymous_1)
FNF:2
FNH:2
FNDA:2,mergeObjects
FNDA:4,(anonymous_1)
DA:10,6
DA:11,2
DA:12,4
DA:13,4
DA:14,4
DA:20,0
DA:22,4
DA:26,4
LF:8
LH:7
BRDA:13,0,0,4
BRDA:14,1,0,0
BRDA:14,1,1,4
BRDA:15,2,0,4
BRDA:15,2,1,0
BRDA:15,2,2,0
BRDA:15,2,3,0
BRF:7
BRH:3
end_of_record
TN:
SF:src\objects\omit.ts
FN:11,omit
FNF:1
FNH:1
FNDA:1,omit
DA:11,6
DA:12,1
DA:13,1
DA:14,1
DA:16,1
LF:5
LH:5
BRF:0
BRH:0
end_of_record
TN:
SF:src\objects\pick.ts
FN:11,pick
FNF:1
FNH:1
FNDA:1,pick
DA:11,6
DA:12,1
DA:13,1
DA:14,2
DA:15,2
DA:18,1
LF:6
LH:6
BRDA:14,0,0,2
BRF:1
BRH:1
end_of_record
TN:
SF:src\string\camelCase.ts
FN:10,camelCase
FN:12,(anonymous_1)
FN:13,(anonymous_2)
FNF:3
FNH:3
FNDA:5,camelCase
FNDA:5,(anonymous_1)
FNDA:1,(anonymous_2)
DA:10,8
DA:11,5
DA:12,5
DA:13,1
LF:4
LH:4
BRDA:12,0,0,4
BRDA:12,0,1,1
BRF:2
BRH:2
end_of_record
TN:
SF:src\string\capitalize.ts
FN:10,capitalize
FNF:1
FNH:1
FNDA:3,capitalize
DA:10,8
DA:11,3
DA:12,2
LF:3
LH:3
BRDA:11,0,0,1
BRF:1
BRH:1
end_of_record
TN:
SF:src\string\countOccurrences.ts
FN:11,countOccurrence
FNF:1
FNH:1
FNDA:2,countOccurrence
DA:11,8
DA:12,2
LF:2
LH:2
BRF:0
BRH:0
end_of_record
TN:
SF:src\string\index.ts
FNF:0
FNH:0
DA:1,8
DA:2,8
DA:3,8
DA:4,8
DA:5,8
DA:6,8
DA:7,8
DA:8,8
LF:8
LH:8
BRF:0
BRH:0
end_of_record
TN:
SF:src\string\kebabCase.ts
FN:10,kebabCase
FNF:1
FNH:1
FNDA:3,kebabCase
DA:10,8
DA:11,3
LF:2
LH:2
BRF:0
BRH:0
end_of_record
TN:
SF:src\string\removeNonAlpha.ts
FN:10,removeNonAlpha
FNF:1
FNH:1
FNDA:1,removeNonAlpha
DA:10,8
DA:11,1
LF:2
LH:2
BRF:0
BRH:0
end_of_record
TN:
SF:src\string\reverseString.ts
FN:10,reverseString
FNF:1
FNH:1
FNDA:1,reverseString
DA:10,8
DA:11,1
LF:2
LH:2
BRF:0
BRH:0
end_of_record
TN:
SF:src\string\snakeCase.ts
FN:10,snakeCase
FNF:1
FNH:1
FNDA:3,snakeCase
DA:10,8
DA:11,3
LF:2
LH:2
BRF:0
BRH:0
end_of_record
TN:
SF:src\string\truncate.ts
FN:12,truncate
FNF:1
FNH:1
FNDA:2,truncate
DA:12,8
DA:13,2
DA:14,1
LF:3
LH:3
BRDA:12,0,0,2
BRDA:13,1,0,1
BRF:2
BRH:2
end_of_record
TN:
SF:src\utility\asyncUtils.ts
FN:6,wait
FN:7,(anonymous_1)
FN:16,retry
FN:39,withTimeout
FN:44,(anonymous_4)
FN:45,(anonymous_5)
FN:46,(anonymous_6)
FN:58,runSequentially
FN:72,runInBatches
FN:76,(anonymous_9)
FNF:10
FNH:2
FNDA:3,wait
FNDA:3,(anonymous_1)
FNDA:0,retry
FNDA:0,withTimeout
FNDA:0,(anonymous_4)
FNDA:0,(anonymous_5)
FNDA:0,(anonymous_6)
FNDA:0,runSequentially
FNDA:0,runInBatches
FNDA:0,(anonymous_9)
DA:6,2
DA:7,3
DA:16,2
DA:22,0
DA:23,0
DA:24,0
DA:26,0
DA:27,0
DA:30,0
DA:39,2
DA:44,0
DA:45,0
DA:46,0
DA:47,0
DA:48,0
DA:58,2
DA:59,0
DA:60,0
DA:61,0
DA:63,0
DA:72,2
DA:73,0
DA:74,0
DA:75,0
DA:76,0
DA:77,0
DA:79,0
LF:27
LH:6
BRDA:18,0,0,0
BRDA:19,1,0,0
BRDA:27,2,0,0
BRDA:42,3,0,0
BRF:4
BRH:0
end_of_record
TN:
SF:src\utility\index.ts
FNF:0
FNH:0
DA:1,2
DA:2,2
LF:2
LH:2
BRF:0
BRH:0
end_of_record
TN:
SF:src\utility\logic.ts
FN:6,isNil
FN:17,ifElse
FN:26,isFunction
FN:35,isObject
FN:44,isBoolean
FN:53,isPromise
FN:64,once
FN:68,(anonymous_7)
FNF:8
FNH:8
FNDA:4,isNil
FNDA:2,ifElse
FNDA:3,isFunction
FNDA:4,isObject
FNDA:4,isBoolean
FNDA:4,isPromise
FNDA:1,once
FNDA:3,(anonymous_7)
DA:6,2
DA:7,4
DA:17,2
DA:18,2
DA:26,2
DA:27,3
DA:35,2
DA:36,4
DA:44,2
DA:45,4
DA:53,2
DA:54,4
DA:64,2
DA:65,1
DA:68,1
DA:69,3
DA:70,1
DA:71,1
DA:73,3
LF:19
LH:19
BRDA:7,0,0,4
BRDA:7,0,1,3
BRDA:18,1,0,1
BRDA:18,1,1,1
BRDA:36,2,0,4
BRDA:36,2,1,3
BRDA:36,2,2,2
BRDA:54,3,0,4
BRDA:54,3,1,3
BRDA:54,3,2,2
BRDA:54,3,3,2
BRDA:69,4,0,1
BRF:12
BRH:12
end_of_record
